<html xmlns:math="http://exslt.org/math" xmlns:testng="http://testng.org">
   <head>
      <title>TestNG Results</title>
      <meta http-equiv="content-type" content="text/html; charset=utf-8"></meta>
      <meta http-equiv="pragma" content="no-cache"></meta>
      <meta http-equiv="cache-control" content="max-age=0"></meta>
      <meta http-equiv="cache-control" content="no-cache"></meta>
      <meta http-equiv="cache-control" content="no-store"></meta>
      <LINK rel="stylesheet" href="style.css"></LINK>
      <script type="text/javascript" src="main.js"></script>
   </head>
   <body>
      <table width="100%" style="font-size: 16px; margin-bottom: 10px;" cellspacing="1">
         <tr>
            <td width="100%">
               All methods in suite
               
               <b>TestNGSuite</b>
            </td>
            <td style="background-color: #FFBBBB; padding: 3px 3px 3px 0;" align="center">
               <div style="width: 50px;">2</div>
            </td>
            <td style="background-color: lightgreen; padding: 3px 3px 3px 0;" align="center">
               <div style="width: 50px;">12</div>
            </td>
            <td style="background-color: #FFFFBB; padding: 3px 3px 3px 0;" align="center">
               <div style="width: 50px;">0</div>
            </td>
            <td align="center" style="background-color: #eaf0f7; padding: 3px 3px 3px 0;">
               <div style="width: 50px;">14</div>
            </td>
            <td align="center"
                style="font-weight: bold; background-color: #eaf0f7; padding: 3px 3px 3px 0;">
               <div style="width: 50px;">86%</div>
            </td>
         </tr>
      </table>
      <div style="width: 200px;">
         <label for="groupMethodsCheckBox" style="font-weight: bold; margin: 0;">
            <input id="groupMethodsCheckBox" type="checkbox" onclick="switchTestMethodsView(this)"></input>
            Group by class
            
         </label>
         <br></br>
         <label for="methodsFilter_ALL" style="font-weight: bold; margin: 0;">
            <input id="methodsFilter_ALL" type="checkbox"
                   onclick="testMethodsFilterChanged(this, 'ALL')"></input>
            All
            
         </label>
      </div>
      <label for="methodsFilter_FAIL" style="margin-left: 20px;">
         <input id="methodsFilter_FAIL" type="checkbox"
                onclick="testMethodsFilterChanged(this, 'FAIL')"
                checked=""></input>
         Failed
         
      </label>
      <label for="methodsFilter_PASS">
         <input id="methodsFilter_PASS" type="checkbox"
                onclick="testMethodsFilterChanged(this, 'PASS')"
                checked=""></input>
         Passed
         
      </label>
      <label for="methodsFilter_SKIP">
         <input id="methodsFilter_SKIP" type="checkbox"
                onclick="testMethodsFilterChanged(this, 'SKIP')"
                checked=""></input>
         Skipped
         
      </label>
      <label for="methodsFilter_CONF">
         <input id="methodsFilter_CONF" type="checkbox"
                onclick="testMethodsFilterChanged(this, 'CONF')"></input>
         Config
         
      </label>
      <br></br>
      <div id="testMethodsByStatus">
         <table class="testMethodsTable" cellpadding="0" cellspacing="0">
            <tr class="methodsTableHeader">
               <td width="100%">Name</td>
               <td nowrap="true">Started</td>
               <td nowrap="true">Duration</td>
               <td>Exception</td>
            </tr>
            <tr id="abc.TestDownLoad_downLoad_byStatus_failed_FAIL1_row"
                class="testMethodStatusFAIL">
               <td width="100%" class="firstMethodCell">
                  <a onclick="toggleDetailsVisibility('abc.TestDownLoad_downLoad_byStatus_failed_FAIL1_details')">downLoad()</a>
               </td>
               <td nowrap="true">15:05:19</td>
               <td nowrap="true" align="right">13m
                  20s
                  
               </td>
               <td nowrap="true">
                  <a onclick="toggleDetailsVisibility('abc.TestDownLoad_downLoad_byStatus_failed_FAIL1_exception')">org.openqa.selenium.remote.UnreachableBrowserException: 
                     Error communicating with the remote browser. It may have died.
                     Build info: version: '2.53.0', revision: '35ae25b', time: '2016-03-15 16:57:40'
                     System info: host: 'Administrator', ip: '192.168.1.110', os.name: 'Windows 7', os.arch: 'x86', os.version: '6.1', java.version:
                     '1.7.0_79'
                     Driver info: driver.version: RemoteWebDriver
                     Session ID: 8346d90f-7d05-4a6b-9102-1ca590e16da9
                     Capabilities [{platform=WINDOWS, acceptSslCerts=true, javascriptEnabled=true, cssSelectorsEnabled=true, databaseEnabled=true,
                     browserName=firefox, handlesAlerts=true, nativeEvents=false, webStorageEnabled=true, rotatable=false, locationContextEnabled=true,
                     applicationCacheEnabled=true, takesScreenshot=true, version=38.5.2}]
                     
                  </a>
                   
                  
               </td>
            </tr>
            <tr>
               <td colspan="4" class="detailsBox">
                  <div id="abc.TestDownLoad_downLoad_byStatus_failed_FAIL1_details"
                       class="testMethodDetails">
                     <div>
                        <b>Name: </b>downLoad
                     </div>
                     <div>
                        <b>Signature: </b>downLoad()[pri:0, instance:abc.TestDownLoad@9652dd]
                     </div>
                     <div>
                        <b>Start time: </b>15:05:19
                     </div>
                     <div>
                        <b>End time: </b>15:18:40
                     </div>
                     <div>
                        <b>Duration: </b>13m
                        20s
                        
                     </div>
                  </div>
               </td>
            </tr>
            <tr>
               <td colspan="4" class="detailsBox">
                  <div id="abc.TestDownLoad_downLoad_byStatus_failed_FAIL1_exception"
                       class="testMethodDetails">
                     <pre style="padding: 5px; margin: 0;">org.openqa.selenium.remote.UnreachableBrowserException: Error communicating with the remote browser. It may have died.
                        Build info: version: '2.53.0', revision: '35ae25b', time: '2016-03-15 16:57:40'
                        System info: host: 'Administrator', ip: '192.168.1.110', os.name: 'Windows 7', os.arch: 'x86', os.version: '6.1', java.version:
                        '1.7.0_79'
                        Driver info: driver.version: RemoteWebDriver
                        Session ID: 8346d90f-7d05-4a6b-9102-1ca590e16da9
                        Capabilities [{platform=WINDOWS, acceptSslCerts=true, javascriptEnabled=true, cssSelectorsEnabled=true, databaseEnabled=true,
                        browserName=firefox, handlesAlerts=true, nativeEvents=false, webStorageEnabled=true, rotatable=false, locationContextEnabled=true,
                        applicationCacheEnabled=true, takesScreenshot=true, version=38.5.2}]
                        	at org.openqa.selenium.remote.RemoteWebDriver.execute(RemoteWebDriver.java:665)
                        	at org.openqa.selenium.remote.RemoteWebDriver.findElement(RemoteWebDriver.java:363)
                        	at org.openqa.selenium.remote.RemoteWebDriver.findElementByXPath(RemoteWebDriver.java:500)
                        	at org.openqa.selenium.By$ByXPath.findElement(By.java:361)
                        	at org.openqa.selenium.remote.RemoteWebDriver.findElement(RemoteWebDriver.java:355)
                        	at abc.pages.BaiduPage.anzhuoxiazai(Unknown Source)
                        	at abc.TestDownLoad.downLoad(Unknown Source)
                        	at sun.reflect.NativeMethodAccessorImpl.invoke0(Native Method)
                        	at sun.reflect.NativeMethodAccessorImpl.invoke(Unknown Source)
                        	at sun.reflect.DelegatingMethodAccessorImpl.invoke(Unknown Source)
                        	at java.lang.reflect.Method.invoke(Unknown Source)
                        	at org.testng.internal.MethodInvocationHelper.invokeMethod(MethodInvocationHelper.java:85)
                        	at org.testng.internal.Invoker.invokeMethod(Invoker.java:639)
                        	at org.testng.internal.Invoker.invokeTestMethod(Invoker.java:816)
                        	at org.testng.internal.Invoker.invokeTestMethods(Invoker.java:1124)
                        	at org.testng.internal.TestMethodWorker.invokeTestMethods(TestMethodWorker.java:125)
                        	at org.testng.internal.TestMethodWorker.run(TestMethodWorker.java:108)
                        	at org.testng.TestRunner.privateRun(TestRunner.java:774)
                        	at org.testng.TestRunner.run(TestRunner.java:624)
                        	at org.testng.SuiteRunner.runTest(SuiteRunner.java:359)
                        	at org.testng.SuiteRunner.runSequentially(SuiteRunner.java:354)
                        	at org.testng.SuiteRunner.privateRun(SuiteRunner.java:312)
                        	at org.testng.SuiteRunner.run(SuiteRunner.java:261)
                        	at org.testng.SuiteRunnerWorker.runSuite(SuiteRunnerWorker.java:52)
                        	at org.testng.SuiteRunnerWorker.run(SuiteRunnerWorker.java:86)
                        	at org.testng.TestNG.runSuitesSequentially(TestNG.java:1215)
                        	at org.testng.TestNG.runSuitesLocally(TestNG.java:1140)
                        	at org.testng.TestNG.run(TestNG.java:1048)
                        	at org.testng.TestNG.privateMain(TestNG.java:1355)
                        	at org.testng.TestNG.main(TestNG.java:1324)
                        Caused by: org.apache.http.conn.HttpHostConnectException: Connect to 127.0.0.1:7055 [/127.0.0.1] failed: Connection refused:
                        connect
                        	at org.apache.http.impl.conn.DefaultHttpClientConnectionOperator.connect(DefaultHttpClientConnectionOperator.java:151)
                        	at org.apache.http.impl.conn.PoolingHttpClientConnectionManager.connect(PoolingHttpClientConnectionManager.java:353)
                        	at org.apache.http.impl.execchain.MainClientExec.establishRoute(MainClientExec.java:380)
                        	at org.apache.http.impl.execchain.MainClientExec.execute(MainClientExec.java:236)
                        	at org.apache.http.impl.execchain.ProtocolExec.execute(ProtocolExec.java:184)
                        	at org.apache.http.impl.execchain.RetryExec.execute(RetryExec.java:88)
                        	at org.apache.http.impl.execchain.RedirectExec.execute(RedirectExec.java:110)
                        	at org.apache.http.impl.client.InternalHttpClient.doExecute(InternalHttpClient.java:184)
                        	at org.apache.http.impl.client.CloseableHttpClient.execute(CloseableHttpClient.java:71)
                        	at org.apache.http.impl.client.CloseableHttpClient.execute(CloseableHttpClient.java:55)
                        	at org.openqa.selenium.remote.internal.ApacheHttpClient.fallBackExecute(ApacheHttpClient.java:144)
                        	at org.openqa.selenium.remote.internal.ApacheHttpClient.execute(ApacheHttpClient.java:90)
                        	at org.openqa.selenium.remote.HttpCommandExecutor.execute(HttpCommandExecutor.java:142)
                        	at org.openqa.selenium.firefox.internal.NewProfileExtensionConnection.execute(NewProfileExtensionConnection.java:160)
                        	at org.openqa.selenium.firefox.FirefoxDriver$LazyCommandExecutor.execute(FirefoxDriver.java:380)
                        	at org.openqa.selenium.remote.RemoteWebDriver.execute(RemoteWebDriver.java:644)
                        	... 29 more
                        Caused by: java.net.ConnectException: Connection refused: connect
                        	at java.net.DualStackPlainSocketImpl.waitForConnect(Native Method)
                        	at java.net.DualStackPlainSocketImpl.socketConnect(Unknown Source)
                        	at java.net.AbstractPlainSocketImpl.doConnect(Unknown Source)
                        	at java.net.AbstractPlainSocketImpl.connectToAddress(Unknown Source)
                        	at java.net.AbstractPlainSocketImpl.connect(Unknown Source)
                        	at java.net.PlainSocketImpl.connect(Unknown Source)
                        	at java.net.SocksSocketImpl.connect(Unknown Source)
                        	at java.net.Socket.connect(Unknown Source)
                        	at org.apache.http.conn.socket.PlainConnectionSocketFactory.connectSocket(PlainConnectionSocketFactory.java:74)
                        	at org.apache.http.impl.conn.DefaultHttpClientConnectionOperator.connect(DefaultHttpClientConnectionOperator.java:134)
                        	... 44 more
                     </pre>
                  </div>
               </td>
            </tr>
            <tr id="abc.TestDownLoad_afterMethod_byStatus_failed_FAIL2_row"
                class="testMethodStatusFAIL testMethodStatusCONF">
               <td width="100%" class="firstMethodCell">
                  <a onclick="toggleDetailsVisibility('abc.TestDownLoad_afterMethod_byStatus_failed_FAIL2_details')">afterMethod()</a>
               </td>
               <td nowrap="true">15:18:40</td>
               <td nowrap="true" align="right">0 ms
                  
               </td>
               <td nowrap="true">
                  <a onclick="toggleDetailsVisibility('abc.TestDownLoad_afterMethod_byStatus_failed_FAIL2_exception')">org.openqa.selenium.remote.UnreachableBrowserException: 
                     Error communicating with the remote browser. It may have died.
                     Build info: version: '2.53.0', revision: '35ae25b', time: '2016-03-15 16:57:40'
                     System info: host: 'Administrator', ip: '192.168.1.110', os.name: 'Windows 7', os.arch: 'x86', os.version: '6.1', java.version:
                     '1.7.0_79'
                     Driver info: driver.version: RemoteWebDriver
                     Session ID: 8346d90f-7d05-4a6b-9102-1ca590e16da9
                     Capabilities [{platform=WINDOWS, acceptSslCerts=true, javascriptEnabled=true, cssSelectorsEnabled=true, databaseEnabled=true,
                     browserName=firefox, handlesAlerts=true, nativeEvents=false, webStorageEnabled=true, rotatable=false, locationContextEnabled=true,
                     applicationCacheEnabled=true, takesScreenshot=true, version=38.5.2}]
                     
                  </a>
                   
                  
               </td>
            </tr>
            <tr>
               <td colspan="4" class="detailsBox">
                  <div id="abc.TestDownLoad_afterMethod_byStatus_failed_FAIL2_details"
                       class="testMethodDetails">
                     <div>
                        <b>Name: </b>afterMethod
                     </div>
                     <div>
                        <b>Signature: </b>afterMethod()[pri:0, instance:abc.TestDownLoad@9652dd]
                     </div>
                     <div>
                        <b>Start time: </b>15:18:40
                     </div>
                     <div>
                        <b>End time: </b>15:18:40
                     </div>
                     <div>
                        <b>Duration: </b>0 ms
                        
                     </div>
                  </div>
               </td>
            </tr>
            <tr>
               <td colspan="4" class="detailsBox">
                  <div id="abc.TestDownLoad_afterMethod_byStatus_failed_FAIL2_exception"
                       class="testMethodDetails">
                     <pre style="padding: 5px; margin: 0;">org.openqa.selenium.remote.UnreachableBrowserException: Error communicating with the remote browser. It may have died.
                        Build info: version: '2.53.0', revision: '35ae25b', time: '2016-03-15 16:57:40'
                        System info: host: 'Administrator', ip: '192.168.1.110', os.name: 'Windows 7', os.arch: 'x86', os.version: '6.1', java.version:
                        '1.7.0_79'
                        Driver info: driver.version: RemoteWebDriver
                        Session ID: 8346d90f-7d05-4a6b-9102-1ca590e16da9
                        Capabilities [{platform=WINDOWS, acceptSslCerts=true, javascriptEnabled=true, cssSelectorsEnabled=true, databaseEnabled=true,
                        browserName=firefox, handlesAlerts=true, nativeEvents=false, webStorageEnabled=true, rotatable=false, locationContextEnabled=true,
                        applicationCacheEnabled=true, takesScreenshot=true, version=38.5.2}]
                        	at org.openqa.selenium.remote.RemoteWebDriver.execute(RemoteWebDriver.java:665)
                        	at org.openqa.selenium.remote.RemoteWebDriver.execute(RemoteWebDriver.java:701)
                        	at org.openqa.selenium.remote.RemoteWebDriver.quit(RemoteWebDriver.java:526)
                        	at abc.TestDownLoad.afterMethod(Unknown Source)
                        	at sun.reflect.NativeMethodAccessorImpl.invoke0(Native Method)
                        	at sun.reflect.NativeMethodAccessorImpl.invoke(Unknown Source)
                        	at sun.reflect.DelegatingMethodAccessorImpl.invoke(Unknown Source)
                        	at java.lang.reflect.Method.invoke(Unknown Source)
                        	at org.testng.internal.MethodInvocationHelper.invokeMethod(MethodInvocationHelper.java:85)
                        	at org.testng.internal.Invoker.invokeConfigurationMethod(Invoker.java:510)
                        	at org.testng.internal.Invoker.invokeConfigurations(Invoker.java:211)
                        	at org.testng.internal.Invoker.invokeMethod(Invoker.java:703)
                        	at org.testng.internal.Invoker.invokeTestMethod(Invoker.java:816)
                        	at org.testng.internal.Invoker.invokeTestMethods(Invoker.java:1124)
                        	at org.testng.internal.TestMethodWorker.invokeTestMethods(TestMethodWorker.java:125)
                        	at org.testng.internal.TestMethodWorker.run(TestMethodWorker.java:108)
                        	at org.testng.TestRunner.privateRun(TestRunner.java:774)
                        	at org.testng.TestRunner.run(TestRunner.java:624)
                        	at org.testng.SuiteRunner.runTest(SuiteRunner.java:359)
                        	at org.testng.SuiteRunner.runSequentially(SuiteRunner.java:354)
                        	at org.testng.SuiteRunner.privateRun(SuiteRunner.java:312)
                        	at org.testng.SuiteRunner.run(SuiteRunner.java:261)
                        	at org.testng.SuiteRunnerWorker.runSuite(SuiteRunnerWorker.java:52)
                        	at org.testng.SuiteRunnerWorker.run(SuiteRunnerWorker.java:86)
                        	at org.testng.TestNG.runSuitesSequentially(TestNG.java:1215)
                        	at org.testng.TestNG.runSuitesLocally(TestNG.java:1140)
                        	at org.testng.TestNG.run(TestNG.java:1048)
                        	at org.testng.TestNG.privateMain(TestNG.java:1355)
                        	at org.testng.TestNG.main(TestNG.java:1324)
                        Caused by: org.apache.http.conn.HttpHostConnectException: Connect to 127.0.0.1:7055 [/127.0.0.1] failed: Connection refused:
                        connect
                        	at org.apache.http.impl.conn.DefaultHttpClientConnectionOperator.connect(DefaultHttpClientConnectionOperator.java:151)
                        	at org.apache.http.impl.conn.PoolingHttpClientConnectionManager.connect(PoolingHttpClientConnectionManager.java:353)
                        	at org.apache.http.impl.execchain.MainClientExec.establishRoute(MainClientExec.java:380)
                        	at org.apache.http.impl.execchain.MainClientExec.execute(MainClientExec.java:236)
                        	at org.apache.http.impl.execchain.ProtocolExec.execute(ProtocolExec.java:184)
                        	at org.apache.http.impl.execchain.RetryExec.execute(RetryExec.java:88)
                        	at org.apache.http.impl.execchain.RedirectExec.execute(RedirectExec.java:110)
                        	at org.apache.http.impl.client.InternalHttpClient.doExecute(InternalHttpClient.java:184)
                        	at org.apache.http.impl.client.CloseableHttpClient.execute(CloseableHttpClient.java:71)
                        	at org.apache.http.impl.client.CloseableHttpClient.execute(CloseableHttpClient.java:55)
                        	at org.openqa.selenium.remote.internal.ApacheHttpClient.fallBackExecute(ApacheHttpClient.java:144)
                        	at org.openqa.selenium.remote.internal.ApacheHttpClient.execute(ApacheHttpClient.java:90)
                        	at org.openqa.selenium.remote.HttpCommandExecutor.execute(HttpCommandExecutor.java:142)
                        	at org.openqa.selenium.firefox.internal.NewProfileExtensionConnection.execute(NewProfileExtensionConnection.java:160)
                        	at org.openqa.selenium.firefox.FirefoxDriver$LazyCommandExecutor.execute(FirefoxDriver.java:380)
                        	at org.openqa.selenium.remote.RemoteWebDriver.execute(RemoteWebDriver.java:644)
                        	... 28 more
                        Caused by: java.net.ConnectException: Connection refused: connect
                        	at java.net.DualStackPlainSocketImpl.waitForConnect(Native Method)
                        	at java.net.DualStackPlainSocketImpl.socketConnect(Unknown Source)
                        	at java.net.AbstractPlainSocketImpl.doConnect(Unknown Source)
                        	at java.net.AbstractPlainSocketImpl.connectToAddress(Unknown Source)
                        	at java.net.AbstractPlainSocketImpl.connect(Unknown Source)
                        	at java.net.PlainSocketImpl.connect(Unknown Source)
                        	at java.net.SocksSocketImpl.connect(Unknown Source)
                        	at java.net.Socket.connect(Unknown Source)
                        	at org.apache.http.conn.socket.PlainConnectionSocketFactory.connectSocket(PlainConnectionSocketFactory.java:74)
                        	at org.apache.http.impl.conn.DefaultHttpClientConnectionOperator.connect(DefaultHttpClientConnectionOperator.java:134)
                        	... 43 more
                     </pre>
                  </div>
               </td>
            </tr>
            <tr id="abc.TestSelect_test_byStatus_failed_FAIL3_row" class="testMethodStatusFAIL">
               <td width="100%" class="firstMethodCell">
                  <a onclick="toggleDetailsVisibility('abc.TestSelect_test_byStatus_failed_FAIL3_details')">test()</a>
               </td>
               <td nowrap="true">15:03:33</td>
               <td nowrap="true" align="right">158 ms
                  
               </td>
               <td nowrap="true">
                  <a onclick="toggleDetailsVisibility('abc.TestSelect_test_byStatus_failed_FAIL3_exception')">org.openqa.selenium.NoSuchElementException: 
                     Unable to locate element: {"method":"id","selector":"J_city_switch"}
                     Command duration or timeout: 35 milliseconds
                     For documentation on this error, please visit: http://seleniumhq.org/exceptions/no_such_element.html
                     Build info: version: '2.53.0', revision: '35ae25b', time: '2016-03-15 16:57:40'
                     System info: host: 'Administrator', ip: '192.168.1.110', os.name: 'Windows 7', os.arch: 'x86', os.version: '6.1', java.version:
                     '1.7.0_79'
                     *** Element info: {Using=id, value=J_city_switch}
                     Session ID: 3218c234-2886-43c3-b650-f67377130cd8
                     Driver info: org.openqa.selenium.firefox.FirefoxDriver
                     Capabilities [{platform=WINDOWS, acceptSslCerts=true, javascriptEnabled=true, cssSelectorsEnabled=true, databaseEnabled=true,
                     browserName=firefox, handlesAlerts=true, nativeEvents=false, webStorageEnabled=true, rotatable=false, locationContextEnabled=true,
                     applicationCacheEnabled=true, takesScreenshot=true, version=38.5.2}]
                     
                  </a>
                   
                  
               </td>
            </tr>
            <tr>
               <td colspan="4" class="detailsBox">
                  <div id="abc.TestSelect_test_byStatus_failed_FAIL3_details"
                       class="testMethodDetails">
                     <div>
                        <b>Name: </b>test
                     </div>
                     <div>
                        <b>Signature: </b>test()[pri:0, instance:abc.TestSelect@5dfb22]
                     </div>
                     <div>
                        <b>Start time: </b>15:03:33
                     </div>
                     <div>
                        <b>End time: </b>15:03:33
                     </div>
                     <div>
                        <b>Duration: </b>158 ms
                        
                     </div>
                  </div>
               </td>
            </tr>
            <tr>
               <td colspan="4" class="detailsBox">
                  <div id="abc.TestSelect_test_byStatus_failed_FAIL3_exception"
                       class="testMethodDetails">
                     <pre style="padding: 5px; margin: 0;">org.openqa.selenium.NoSuchElementException: Unable to locate element: {"method":"id","selector":"J_city_switch"}
                        Command duration or timeout: 35 milliseconds
                        For documentation on this error, please visit: http://seleniumhq.org/exceptions/no_such_element.html
                        Build info: version: '2.53.0', revision: '35ae25b', time: '2016-03-15 16:57:40'
                        System info: host: 'Administrator', ip: '192.168.1.110', os.name: 'Windows 7', os.arch: 'x86', os.version: '6.1', java.version:
                        '1.7.0_79'
                        *** Element info: {Using=id, value=J_city_switch}
                        Session ID: 3218c234-2886-43c3-b650-f67377130cd8
                        Driver info: org.openqa.selenium.firefox.FirefoxDriver
                        Capabilities [{platform=WINDOWS, acceptSslCerts=true, javascriptEnabled=true, cssSelectorsEnabled=true, databaseEnabled=true,
                        browserName=firefox, handlesAlerts=true, nativeEvents=false, webStorageEnabled=true, rotatable=false, locationContextEnabled=true,
                        applicationCacheEnabled=true, takesScreenshot=true, version=38.5.2}]
                        	at sun.reflect.NativeConstructorAccessorImpl.newInstance0(Native Method)
                        	at sun.reflect.NativeConstructorAccessorImpl.newInstance(Unknown Source)
                        	at sun.reflect.DelegatingConstructorAccessorImpl.newInstance(Unknown Source)
                        	at java.lang.reflect.Constructor.newInstance(Unknown Source)
                        	at org.openqa.selenium.remote.ErrorHandler.createThrowable(ErrorHandler.java:206)
                        	at org.openqa.selenium.remote.ErrorHandler.throwIfResponseFailed(ErrorHandler.java:158)
                        	at org.openqa.selenium.remote.RemoteWebDriver.execute(RemoteWebDriver.java:678)
                        	at org.openqa.selenium.remote.RemoteWebDriver.findElement(RemoteWebDriver.java:363)
                        	at org.openqa.selenium.remote.RemoteWebDriver.findElementById(RemoteWebDriver.java:413)
                        	at org.openqa.selenium.By$ById.findElement(By.java:218)
                        	at org.openqa.selenium.remote.RemoteWebDriver.findElement(RemoteWebDriver.java:355)
                        	at abc.TestSelect.test(Unknown Source)
                        	at sun.reflect.NativeMethodAccessorImpl.invoke0(Native Method)
                        	at sun.reflect.NativeMethodAccessorImpl.invoke(Unknown Source)
                        	at sun.reflect.DelegatingMethodAccessorImpl.invoke(Unknown Source)
                        	at java.lang.reflect.Method.invoke(Unknown Source)
                        	at org.testng.internal.MethodInvocationHelper.invokeMethod(MethodInvocationHelper.java:85)
                        	at org.testng.internal.Invoker.invokeMethod(Invoker.java:639)
                        	at org.testng.internal.Invoker.invokeTestMethod(Invoker.java:816)
                        	at org.testng.internal.Invoker.invokeTestMethods(Invoker.java:1124)
                        	at org.testng.internal.TestMethodWorker.invokeTestMethods(TestMethodWorker.java:125)
                        	at org.testng.internal.TestMethodWorker.run(TestMethodWorker.java:108)
                        	at org.testng.TestRunner.privateRun(TestRunner.java:774)
                        	at org.testng.TestRunner.run(TestRunner.java:624)
                        	at org.testng.SuiteRunner.runTest(SuiteRunner.java:359)
                        	at org.testng.SuiteRunner.runSequentially(SuiteRunner.java:354)
                        	at org.testng.SuiteRunner.privateRun(SuiteRunner.java:312)
                        	at org.testng.SuiteRunner.run(SuiteRunner.java:261)
                        	at org.testng.SuiteRunnerWorker.runSuite(SuiteRunnerWorker.java:52)
                        	at org.testng.SuiteRunnerWorker.run(SuiteRunnerWorker.java:86)
                        	at org.testng.TestNG.runSuitesSequentially(TestNG.java:1215)
                        	at org.testng.TestNG.runSuitesLocally(TestNG.java:1140)
                        	at org.testng.TestNG.run(TestNG.java:1048)
                        	at org.testng.TestNG.privateMain(TestNG.java:1355)
                        	at org.testng.TestNG.main(TestNG.java:1324)
                        Caused by: org.openqa.selenium.NoSuchElementException: Unable to locate element: {"method":"id","selector":"J_city_switch"}
                        For documentation on this error, please visit: http://seleniumhq.org/exceptions/no_such_element.html
                        Build info: version: '2.53.0', revision: '35ae25b', time: '2016-03-15 16:57:40'
                        System info: host: 'Administrator', ip: '192.168.1.110', os.name: 'Windows 7', os.arch: 'x86', os.version: '6.1', java.version:
                        '1.7.0_79'
                        Driver info: driver.version: unknown
                        	at &lt;anonymous class&gt;.FirefoxDriver.prototype.findElementInternal_(file:///C:/Users/sunjian/AppData/Local/Temp/anonymous3989103178006502208webdriver-profile/extensions/fxdriver@googlecode.com/components/driver-component.js:10770)
                        	at &lt;anonymous class&gt;.FirefoxDriver.prototype.findElement(file:///C:/Users/sunjian/AppData/Local/Temp/anonymous3989103178006502208webdriver-profile/extensions/fxdriver@googlecode.com/components/driver-component.js:10779)
                        	at &lt;anonymous class&gt;.DelayedCommand.prototype.executeInternal_/h(file:///C:/Users/sunjian/AppData/Local/Temp/anonymous3989103178006502208webdriver-profile/extensions/fxdriver@googlecode.com/components/command-processor.js:12661)
                        	at &lt;anonymous class&gt;.DelayedCommand.prototype.executeInternal_(file:///C:/Users/sunjian/AppData/Local/Temp/anonymous3989103178006502208webdriver-profile/extensions/fxdriver@googlecode.com/components/command-processor.js:12666)
                        	at &lt;anonymous class&gt;.DelayedCommand.prototype.execute/&lt;(file:///C:/Users/sunjian/AppData/Local/Temp/anonymous3989103178006502208webdriver-profile/extensions/fxdriver@googlecode.com/components/command-processor.js:12608)
                     </pre>
                  </div>
               </td>
            </tr>
            <tr id="abc.TestWindows_beforeMethod_byStatus_passed_PASS1_row"
                class="testMethodStatusPASS testMethodStatusCONF">
               <td width="100%" class="firstMethodCell">
                  <a onclick="toggleDetailsVisibility('abc.TestWindows_beforeMethod_byStatus_passed_PASS1_details')">beforeMethod()</a>
               </td>
               <td nowrap="true">15:03:57</td>
               <td nowrap="true" align="right">12s
                  
               </td>
               <td nowrap="true">
                   
                  
               </td>
            </tr>
            <tr>
               <td colspan="4" class="detailsBox">
                  <div id="abc.TestWindows_beforeMethod_byStatus_passed_PASS1_details"
                       class="testMethodDetails">
                     <div>
                        <b>Name: </b>beforeMethod
                     </div>
                     <div>
                        <b>Signature: </b>beforeMethod()[pri:0, instance:abc.TestWindows@6b2ab7]
                     </div>
                     <div>
                        <b>Start time: </b>15:03:57
                     </div>
                     <div>
                        <b>End time: </b>15:04:10
                     </div>
                     <div>
                        <b>Duration: </b>12s
                        
                     </div>
                  </div>
               </td>
            </tr>
            <tr></tr>
            <tr id="abc.TestWindows_windows_byStatus_passed_PASS2_row"
                class="testMethodStatusPASS">
               <td width="100%" class="firstMethodCell">
                  <a onclick="toggleDetailsVisibility('abc.TestWindows_windows_byStatus_passed_PASS2_details')">windows()</a>
               </td>
               <td nowrap="true">15:04:10</td>
               <td nowrap="true" align="right">9s
                  
               </td>
               <td nowrap="true">
                   
                  
               </td>
            </tr>
            <tr>
               <td colspan="4" class="detailsBox">
                  <div id="abc.TestWindows_windows_byStatus_passed_PASS2_details"
                       class="testMethodDetails">
                     <div>
                        <b>Name: </b>windows
                     </div>
                     <div>
                        <b>Signature: </b>windows()[pri:0, instance:abc.TestWindows@6b2ab7]
                     </div>
                     <div>
                        <b>Start time: </b>15:04:10
                     </div>
                     <div>
                        <b>End time: </b>15:04:19
                     </div>
                     <div>
                        <b>Duration: </b>9s
                        
                     </div>
                  </div>
               </td>
            </tr>
            <tr></tr>
            <tr id="abc.TestWindows_afterMethod_byStatus_passed_PASS3_row"
                class="testMethodStatusPASS testMethodStatusCONF">
               <td width="100%" class="firstMethodCell">
                  <a onclick="toggleDetailsVisibility('abc.TestWindows_afterMethod_byStatus_passed_PASS3_details')">afterMethod()</a>
               </td>
               <td nowrap="true">15:04:19</td>
               <td nowrap="true" align="right">2s
                  
               </td>
               <td nowrap="true">
                   
                  
               </td>
            </tr>
            <tr>
               <td colspan="4" class="detailsBox">
                  <div id="abc.TestWindows_afterMethod_byStatus_passed_PASS3_details"
                       class="testMethodDetails">
                     <div>
                        <b>Name: </b>afterMethod
                     </div>
                     <div>
                        <b>Signature: </b>afterMethod()[pri:0, instance:abc.TestWindows@6b2ab7]
                     </div>
                     <div>
                        <b>Start time: </b>15:04:19
                     </div>
                     <div>
                        <b>End time: </b>15:04:21
                     </div>
                     <div>
                        <b>Duration: </b>2s
                        
                     </div>
                  </div>
               </td>
            </tr>
            <tr></tr>
            <tr id="abc.TestDataBase_beforeMethod_byStatus_passed_PASS4_row"
                class="testMethodStatusPASS testMethodStatusCONF">
               <td width="100%" class="firstMethodCell">
                  <a onclick="toggleDetailsVisibility('abc.TestDataBase_beforeMethod_byStatus_passed_PASS4_details')">beforeMethod()</a>
               </td>
               <td nowrap="true">15:04:21</td>
               <td nowrap="true" align="right">7s
                  
               </td>
               <td nowrap="true">
                   
                  
               </td>
            </tr>
            <tr>
               <td colspan="4" class="detailsBox">
                  <div id="abc.TestDataBase_beforeMethod_byStatus_passed_PASS4_details"
                       class="testMethodDetails">
                     <div>
                        <b>Name: </b>beforeMethod
                     </div>
                     <div>
                        <b>Signature: </b>beforeMethod()[pri:0, instance:abc.TestDataBase@1c17a8c]
                     </div>
                     <div>
                        <b>Start time: </b>15:04:21
                     </div>
                     <div>
                        <b>End time: </b>15:04:28
                     </div>
                     <div>
                        <b>Duration: </b>7s
                        
                     </div>
                  </div>
               </td>
            </tr>
            <tr></tr>
            <tr id="abc.TestDataBase_dataBase_byStatus_passed_PASS5_row"
                class="testMethodStatusPASS">
               <td width="100%" class="firstMethodCell">
                  <a onclick="toggleDetailsVisibility('abc.TestDataBase_dataBase_byStatus_passed_PASS5_details')">dataBase()</a>
               </td>
               <td nowrap="true">15:04:28</td>
               <td nowrap="true" align="right">17s
                  
               </td>
               <td nowrap="true">
                   
                  
               </td>
            </tr>
            <tr>
               <td colspan="4" class="detailsBox">
                  <div id="abc.TestDataBase_dataBase_byStatus_passed_PASS5_details"
                       class="testMethodDetails">
                     <div>
                        <b>Name: </b>dataBase
                     </div>
                     <div>
                        <b>Signature: </b>dataBase()[pri:0, instance:abc.TestDataBase@1c17a8c]
                     </div>
                     <div>
                        <b>Start time: </b>15:04:28
                     </div>
                     <div>
                        <b>End time: </b>15:04:46
                     </div>
                     <div>
                        <b>Duration: </b>17s
                        
                     </div>
                  </div>
               </td>
            </tr>
            <tr></tr>
            <tr id="abc.TestDataBase_afterMethod_byStatus_passed_PASS6_row"
                class="testMethodStatusPASS testMethodStatusCONF">
               <td width="100%" class="firstMethodCell">
                  <a onclick="toggleDetailsVisibility('abc.TestDataBase_afterMethod_byStatus_passed_PASS6_details')">afterMethod()</a>
               </td>
               <td nowrap="true">15:04:46</td>
               <td nowrap="true" align="right">1s
                  
               </td>
               <td nowrap="true">
                   
                  
               </td>
            </tr>
            <tr>
               <td colspan="4" class="detailsBox">
                  <div id="abc.TestDataBase_afterMethod_byStatus_passed_PASS6_details"
                       class="testMethodDetails">
                     <div>
                        <b>Name: </b>afterMethod
                     </div>
                     <div>
                        <b>Signature: </b>afterMethod()[pri:0, instance:abc.TestDataBase@1c17a8c]
                     </div>
                     <div>
                        <b>Start time: </b>15:04:46
                     </div>
                     <div>
                        <b>End time: </b>15:04:47
                     </div>
                     <div>
                        <b>Duration: </b>1s
                        
                     </div>
                  </div>
               </td>
            </tr>
            <tr></tr>
            <tr id="abc.TestPageFactory_beforeMethod_byStatus_passed_PASS7_row"
                class="testMethodStatusPASS testMethodStatusCONF">
               <td width="100%" class="firstMethodCell">
                  <a onclick="toggleDetailsVisibility('abc.TestPageFactory_beforeMethod_byStatus_passed_PASS7_details')">beforeMethod()</a>
               </td>
               <td nowrap="true">15:02:08</td>
               <td nowrap="true" align="right">7s
                  
               </td>
               <td nowrap="true">
                   
                  
               </td>
            </tr>
            <tr>
               <td colspan="4" class="detailsBox">
                  <div id="abc.TestPageFactory_beforeMethod_byStatus_passed_PASS7_details"
                       class="testMethodDetails">
                     <div>
                        <b>Name: </b>beforeMethod
                     </div>
                     <div>
                        <b>Signature: </b>beforeMethod()[pri:0, instance:abc.TestPageFactory@a0fbd6]
                     </div>
                     <div>
                        <b>Start time: </b>15:02:08
                     </div>
                     <div>
                        <b>End time: </b>15:02:16
                     </div>
                     <div>
                        <b>Duration: </b>7s
                        
                     </div>
                  </div>
               </td>
            </tr>
            <tr></tr>
            <tr id="abc.TestPageFactory_Pagefactory_byStatus_passed_PASS8_row"
                class="testMethodStatusPASS">
               <td width="100%" class="firstMethodCell">
                  <a onclick="toggleDetailsVisibility('abc.TestPageFactory_Pagefactory_byStatus_passed_PASS8_details')">Pagefactory()</a>
               </td>
               <td nowrap="true">15:02:16</td>
               <td nowrap="true" align="right">28s
                  
               </td>
               <td nowrap="true">
                   
                  
               </td>
            </tr>
            <tr>
               <td colspan="4" class="detailsBox">
                  <div id="abc.TestPageFactory_Pagefactory_byStatus_passed_PASS8_details"
                       class="testMethodDetails">
                     <div>
                        <b>Name: </b>Pagefactory
                     </div>
                     <div>
                        <b>Signature: </b>Pagefactory()[pri:0, instance:abc.TestPageFactory@a0fbd6]
                     </div>
                     <div>
                        <b>Start time: </b>15:02:16
                     </div>
                     <div>
                        <b>End time: </b>15:02:44
                     </div>
                     <div>
                        <b>Duration: </b>28s
                        
                     </div>
                  </div>
               </td>
            </tr>
            <tr></tr>
            <tr id="abc.TestPageFactory_afterMethod_byStatus_passed_PASS9_row"
                class="testMethodStatusPASS testMethodStatusCONF">
               <td width="100%" class="firstMethodCell">
                  <a onclick="toggleDetailsVisibility('abc.TestPageFactory_afterMethod_byStatus_passed_PASS9_details')">afterMethod()</a>
               </td>
               <td nowrap="true">15:02:44</td>
               <td nowrap="true" align="right">4s
                  
               </td>
               <td nowrap="true">
                   
                  
               </td>
            </tr>
            <tr>
               <td colspan="4" class="detailsBox">
                  <div id="abc.TestPageFactory_afterMethod_byStatus_passed_PASS9_details"
                       class="testMethodDetails">
                     <div>
                        <b>Name: </b>afterMethod
                     </div>
                     <div>
                        <b>Signature: </b>afterMethod()[pri:0, instance:abc.TestPageFactory@a0fbd6]
                     </div>
                     <div>
                        <b>Start time: </b>15:02:44
                     </div>
                     <div>
                        <b>End time: </b>15:02:48
                     </div>
                     <div>
                        <b>Duration: </b>4s
                        
                     </div>
                  </div>
               </td>
            </tr>
            <tr></tr>
            <tr id="abc.TestKeyBoard_beforeMethod_byStatus_passed_PASS10_row"
                class="testMethodStatusPASS testMethodStatusCONF">
               <td width="100%" class="firstMethodCell">
                  <a onclick="toggleDetailsVisibility('abc.TestKeyBoard_beforeMethod_byStatus_passed_PASS10_details')">beforeMethod()</a>
               </td>
               <td nowrap="true">15:01:40</td>
               <td nowrap="true" align="right">12s
                  
               </td>
               <td nowrap="true">
                   
                  
               </td>
            </tr>
            <tr>
               <td colspan="4" class="detailsBox">
                  <div id="abc.TestKeyBoard_beforeMethod_byStatus_passed_PASS10_details"
                       class="testMethodDetails">
                     <div>
                        <b>Name: </b>beforeMethod
                     </div>
                     <div>
                        <b>Signature: </b>beforeMethod()[pri:0, instance:abc.TestKeyBoard@1afebc9]
                     </div>
                     <div>
                        <b>Start time: </b>15:01:40
                     </div>
                     <div>
                        <b>End time: </b>15:01:53
                     </div>
                     <div>
                        <b>Duration: </b>12s
                        
                     </div>
                  </div>
               </td>
            </tr>
            <tr></tr>
            <tr id="abc.TestKeyBoard_keyBoard_byStatus_passed_PASS11_row"
                class="testMethodStatusPASS">
               <td width="100%" class="firstMethodCell">
                  <a onclick="toggleDetailsVisibility('abc.TestKeyBoard_keyBoard_byStatus_passed_PASS11_details')">keyBoard()</a>
               </td>
               <td nowrap="true">15:01:53</td>
               <td nowrap="true" align="right">12s
                  
               </td>
               <td nowrap="true">
                   
                  
               </td>
            </tr>
            <tr>
               <td colspan="4" class="detailsBox">
                  <div id="abc.TestKeyBoard_keyBoard_byStatus_passed_PASS11_details"
                       class="testMethodDetails">
                     <div>
                        <b>Name: </b>keyBoard
                     </div>
                     <div>
                        <b>Signature: </b>keyBoard()[pri:0, instance:abc.TestKeyBoard@1afebc9]
                     </div>
                     <div>
                        <b>Start time: </b>15:01:53
                     </div>
                     <div>
                        <b>End time: </b>15:02:06
                     </div>
                     <div>
                        <b>Duration: </b>12s
                        
                     </div>
                  </div>
               </td>
            </tr>
            <tr></tr>
            <tr id="abc.TestKeyBoard_afterMethod_byStatus_passed_PASS12_row"
                class="testMethodStatusPASS testMethodStatusCONF">
               <td width="100%" class="firstMethodCell">
                  <a onclick="toggleDetailsVisibility('abc.TestKeyBoard_afterMethod_byStatus_passed_PASS12_details')">afterMethod()</a>
               </td>
               <td nowrap="true">15:02:06</td>
               <td nowrap="true" align="right">2s
                  
               </td>
               <td nowrap="true">
                   
                  
               </td>
            </tr>
            <tr>
               <td colspan="4" class="detailsBox">
                  <div id="abc.TestKeyBoard_afterMethod_byStatus_passed_PASS12_details"
                       class="testMethodDetails">
                     <div>
                        <b>Name: </b>afterMethod
                     </div>
                     <div>
                        <b>Signature: </b>afterMethod()[pri:0, instance:abc.TestKeyBoard@1afebc9]
                     </div>
                     <div>
                        <b>Start time: </b>15:02:06
                     </div>
                     <div>
                        <b>End time: </b>15:02:08
                     </div>
                     <div>
                        <b>Duration: </b>2s
                        
                     </div>
                  </div>
               </td>
            </tr>
            <tr></tr>
            <tr id="abc.TestInterFace_beforeMethod_byStatus_passed_PASS13_row"
                class="testMethodStatusPASS testMethodStatusCONF">
               <td width="100%" class="firstMethodCell">
                  <a onclick="toggleDetailsVisibility('abc.TestInterFace_beforeMethod_byStatus_passed_PASS13_details')">beforeMethod()</a>
               </td>
               <td nowrap="true">15:00:51</td>
               <td nowrap="true" align="right">7s
                  
               </td>
               <td nowrap="true">
                   
                  
               </td>
            </tr>
            <tr>
               <td colspan="4" class="detailsBox">
                  <div id="abc.TestInterFace_beforeMethod_byStatus_passed_PASS13_details"
                       class="testMethodDetails">
                     <div>
                        <b>Name: </b>beforeMethod
                     </div>
                     <div>
                        <b>Signature: </b>beforeMethod()[pri:0, instance:abc.TestInterFace@ebc2a2]
                     </div>
                     <div>
                        <b>Start time: </b>15:00:51
                     </div>
                     <div>
                        <b>End time: </b>15:00:58
                     </div>
                     <div>
                        <b>Duration: </b>7s
                        
                     </div>
                  </div>
               </td>
            </tr>
            <tr></tr>
            <tr id="abc.TestInterFace_login_byStatus_passed_PASS14_row"
                class="testMethodStatusPASS">
               <td width="100%" class="firstMethodCell">
                  <a onclick="toggleDetailsVisibility('abc.TestInterFace_login_byStatus_passed_PASS14_details')">login()</a>
               </td>
               <td nowrap="true">15:00:58</td>
               <td nowrap="true" align="right">8s
                  
               </td>
               <td nowrap="true">
                   
                  
               </td>
            </tr>
            <tr>
               <td colspan="4" class="detailsBox">
                  <div id="abc.TestInterFace_login_byStatus_passed_PASS14_details"
                       class="testMethodDetails">
                     <div>
                        <b>Name: </b>login
                     </div>
                     <div>
                        <b>Signature: </b>login()[pri:0, instance:abc.TestInterFace@ebc2a2]
                     </div>
                     <div>
                        <b>Start time: </b>15:00:58
                     </div>
                     <div>
                        <b>End time: </b>15:01:07
                     </div>
                     <div>
                        <b>Duration: </b>8s
                        
                     </div>
                  </div>
               </td>
            </tr>
            <tr></tr>
            <tr id="abc.TestInterFace_afterMethod_byStatus_passed_PASS15_row"
                class="testMethodStatusPASS testMethodStatusCONF">
               <td width="100%" class="firstMethodCell">
                  <a onclick="toggleDetailsVisibility('abc.TestInterFace_afterMethod_byStatus_passed_PASS15_details')">afterMethod()</a>
               </td>
               <td nowrap="true">15:01:07</td>
               <td nowrap="true" align="right">2s
                  
               </td>
               <td nowrap="true">
                   
                  
               </td>
            </tr>
            <tr>
               <td colspan="4" class="detailsBox">
                  <div id="abc.TestInterFace_afterMethod_byStatus_passed_PASS15_details"
                       class="testMethodDetails">
                     <div>
                        <b>Name: </b>afterMethod
                     </div>
                     <div>
                        <b>Signature: </b>afterMethod()[pri:0, instance:abc.TestInterFace@ebc2a2]
                     </div>
                     <div>
                        <b>Start time: </b>15:01:07
                     </div>
                     <div>
                        <b>End time: </b>15:01:09
                     </div>
                     <div>
                        <b>Duration: </b>2s
                        
                     </div>
                  </div>
               </td>
            </tr>
            <tr></tr>
            <tr id="abc.TestDownLoad_beforeMethod_byStatus_passed_PASS16_row"
                class="testMethodStatusPASS testMethodStatusCONF">
               <td width="100%" class="firstMethodCell">
                  <a onclick="toggleDetailsVisibility('abc.TestDownLoad_beforeMethod_byStatus_passed_PASS16_details')">beforeMethod()</a>
               </td>
               <td nowrap="true">15:05:09</td>
               <td nowrap="true" align="right">9s
                  
               </td>
               <td nowrap="true">
                   
                  
               </td>
            </tr>
            <tr>
               <td colspan="4" class="detailsBox">
                  <div id="abc.TestDownLoad_beforeMethod_byStatus_passed_PASS16_details"
                       class="testMethodDetails">
                     <div>
                        <b>Name: </b>beforeMethod
                     </div>
                     <div>
                        <b>Signature: </b>beforeMethod()[pri:0, instance:abc.TestDownLoad@9652dd]
                     </div>
                     <div>
                        <b>Start time: </b>15:05:09
                     </div>
                     <div>
                        <b>End time: </b>15:05:19
                     </div>
                     <div>
                        <b>Duration: </b>9s
                        
                     </div>
                  </div>
               </td>
            </tr>
            <tr></tr>
            <tr id="abc.TestJScript_beforeMethod_byStatus_passed_PASS17_row"
                class="testMethodStatusPASS testMethodStatusCONF">
               <td width="100%" class="firstMethodCell">
                  <a onclick="toggleDetailsVisibility('abc.TestJScript_beforeMethod_byStatus_passed_PASS17_details')">beforeMethod()</a>
               </td>
               <td nowrap="true">15:01:09</td>
               <td nowrap="true" align="right">11s
                  
               </td>
               <td nowrap="true">
                   
                  
               </td>
            </tr>
            <tr>
               <td colspan="4" class="detailsBox">
                  <div id="abc.TestJScript_beforeMethod_byStatus_passed_PASS17_details"
                       class="testMethodDetails">
                     <div>
                        <b>Name: </b>beforeMethod
                     </div>
                     <div>
                        <b>Signature: </b>beforeMethod()[pri:0, instance:abc.TestJScript@374956]
                     </div>
                     <div>
                        <b>Start time: </b>15:01:09
                     </div>
                     <div>
                        <b>End time: </b>15:01:21
                     </div>
                     <div>
                        <b>Duration: </b>11s
                        
                     </div>
                  </div>
               </td>
            </tr>
            <tr></tr>
            <tr id="abc.TestJScript_jscript_byStatus_passed_PASS18_row"
                class="testMethodStatusPASS">
               <td width="100%" class="firstMethodCell">
                  <a onclick="toggleDetailsVisibility('abc.TestJScript_jscript_byStatus_passed_PASS18_details')">jscript()</a>
               </td>
               <td nowrap="true">15:01:21</td>
               <td nowrap="true" align="right">16s
                  
               </td>
               <td nowrap="true">
                   
                  
               </td>
            </tr>
            <tr>
               <td colspan="4" class="detailsBox">
                  <div id="abc.TestJScript_jscript_byStatus_passed_PASS18_details"
                       class="testMethodDetails">
                     <div>
                        <b>Name: </b>jscript
                     </div>
                     <div>
                        <b>Signature: </b>jscript()[pri:0, instance:abc.TestJScript@374956]
                     </div>
                     <div>
                        <b>Start time: </b>15:01:21
                     </div>
                     <div>
                        <b>End time: </b>15:01:37
                     </div>
                     <div>
                        <b>Duration: </b>16s
                        
                     </div>
                  </div>
               </td>
            </tr>
            <tr></tr>
            <tr id="abc.TestJScript_afterMethod_byStatus_passed_PASS19_row"
                class="testMethodStatusPASS testMethodStatusCONF">
               <td width="100%" class="firstMethodCell">
                  <a onclick="toggleDetailsVisibility('abc.TestJScript_afterMethod_byStatus_passed_PASS19_details')">afterMethod()</a>
               </td>
               <td nowrap="true">15:01:37</td>
               <td nowrap="true" align="right">2s
                  
               </td>
               <td nowrap="true">
                   
                  
               </td>
            </tr>
            <tr>
               <td colspan="4" class="detailsBox">
                  <div id="abc.TestJScript_afterMethod_byStatus_passed_PASS19_details"
                       class="testMethodDetails">
                     <div>
                        <b>Name: </b>afterMethod
                     </div>
                     <div>
                        <b>Signature: </b>afterMethod()[pri:0, instance:abc.TestJScript@374956]
                     </div>
                     <div>
                        <b>Start time: </b>15:01:37
                     </div>
                     <div>
                        <b>End time: </b>15:01:40
                     </div>
                     <div>
                        <b>Duration: </b>2s
                        
                     </div>
                  </div>
               </td>
            </tr>
            <tr></tr>
            <tr id="abc.TestStringformat_beforeMethod_byStatus_passed_PASS20_row"
                class="testMethodStatusPASS testMethodStatusCONF">
               <td width="100%" class="firstMethodCell">
                  <a onclick="toggleDetailsVisibility('abc.TestStringformat_beforeMethod_byStatus_passed_PASS20_details')">beforeMethod()</a>
               </td>
               <td nowrap="true">15:03:35</td>
               <td nowrap="true" align="right">6s
                  
               </td>
               <td nowrap="true">
                   
                  
               </td>
            </tr>
            <tr>
               <td colspan="4" class="detailsBox">
                  <div id="abc.TestStringformat_beforeMethod_byStatus_passed_PASS20_details"
                       class="testMethodDetails">
                     <div>
                        <b>Name: </b>beforeMethod
                     </div>
                     <div>
                        <b>Signature: </b>beforeMethod()[pri:0, instance:abc.TestStringformat@128f03]
                     </div>
                     <div>
                        <b>Start time: </b>15:03:35
                     </div>
                     <div>
                        <b>End time: </b>15:03:42
                     </div>
                     <div>
                        <b>Duration: </b>6s
                        
                     </div>
                  </div>
               </td>
            </tr>
            <tr></tr>
            <tr id="abc.TestStringformat_Stringformat_byStatus_passed_PASS21_row"
                class="testMethodStatusPASS">
               <td width="100%" class="firstMethodCell">
                  <a onclick="toggleDetailsVisibility('abc.TestStringformat_Stringformat_byStatus_passed_PASS21_details')">Stringformat()</a>
               </td>
               <td nowrap="true">15:03:42</td>
               <td nowrap="true" align="right">13s
                  
               </td>
               <td nowrap="true">
                   
                  
               </td>
            </tr>
            <tr>
               <td colspan="4" class="detailsBox">
                  <div id="abc.TestStringformat_Stringformat_byStatus_passed_PASS21_details"
                       class="testMethodDetails">
                     <div>
                        <b>Name: </b>Stringformat
                     </div>
                     <div>
                        <b>Signature: </b>Stringformat()[pri:0, instance:abc.TestStringformat@128f03]
                     </div>
                     <div>
                        <b>Start time: </b>15:03:42
                     </div>
                     <div>
                        <b>End time: </b>15:03:55
                     </div>
                     <div>
                        <b>Duration: </b>13s
                        
                     </div>
                  </div>
               </td>
            </tr>
            <tr></tr>
            <tr id="abc.TestStringformat_afterMethod_byStatus_passed_PASS22_row"
                class="testMethodStatusPASS testMethodStatusCONF">
               <td width="100%" class="firstMethodCell">
                  <a onclick="toggleDetailsVisibility('abc.TestStringformat_afterMethod_byStatus_passed_PASS22_details')">afterMethod()</a>
               </td>
               <td nowrap="true">15:03:55</td>
               <td nowrap="true" align="right">2s
                  
               </td>
               <td nowrap="true">
                   
                  
               </td>
            </tr>
            <tr>
               <td colspan="4" class="detailsBox">
                  <div id="abc.TestStringformat_afterMethod_byStatus_passed_PASS22_details"
                       class="testMethodDetails">
                     <div>
                        <b>Name: </b>afterMethod
                     </div>
                     <div>
                        <b>Signature: </b>afterMethod()[pri:0, instance:abc.TestStringformat@128f03]
                     </div>
                     <div>
                        <b>Start time: </b>15:03:55
                     </div>
                     <div>
                        <b>End time: </b>15:03:57
                     </div>
                     <div>
                        <b>Duration: </b>2s
                        
                     </div>
                  </div>
               </td>
            </tr>
            <tr></tr>
            <tr id="abc.TestAlert_beforeMethod_byStatus_passed_PASS23_row"
                class="testMethodStatusPASS testMethodStatusCONF">
               <td width="100%" class="firstMethodCell">
                  <a onclick="toggleDetailsVisibility('abc.TestAlert_beforeMethod_byStatus_passed_PASS23_details')">beforeMethod()</a>
               </td>
               <td nowrap="true">15:00:08</td>
               <td nowrap="true" align="right">11s
                  
               </td>
               <td nowrap="true">
                   
                  
               </td>
            </tr>
            <tr>
               <td colspan="4" class="detailsBox">
                  <div id="abc.TestAlert_beforeMethod_byStatus_passed_PASS23_details"
                       class="testMethodDetails">
                     <div>
                        <b>Name: </b>beforeMethod
                     </div>
                     <div>
                        <b>Signature: </b>beforeMethod()[pri:0, instance:abc.TestAlert@1719d5b]
                     </div>
                     <div>
                        <b>Start time: </b>15:00:08
                     </div>
                     <div>
                        <b>End time: </b>15:00:20
                     </div>
                     <div>
                        <b>Duration: </b>11s
                        
                     </div>
                  </div>
               </td>
            </tr>
            <tr></tr>
            <tr id="abc.TestAlert_testAlert_byStatus_passed_PASS24_row"
                class="testMethodStatusPASS">
               <td width="100%" class="firstMethodCell">
                  <a onclick="toggleDetailsVisibility('abc.TestAlert_testAlert_byStatus_passed_PASS24_details')">testAlert()</a>
               </td>
               <td nowrap="true">15:00:20</td>
               <td nowrap="true" align="right">4s
                  
               </td>
               <td nowrap="true">
                   
                  
               </td>
            </tr>
            <tr>
               <td colspan="4" class="detailsBox">
                  <div id="abc.TestAlert_testAlert_byStatus_passed_PASS24_details"
                       class="testMethodDetails">
                     <div>
                        <b>Name: </b>testAlert
                     </div>
                     <div>
                        <b>Signature: </b>testAlert()[pri:0, instance:abc.TestAlert@1719d5b]
                     </div>
                     <div>
                        <b>Start time: </b>15:00:20
                     </div>
                     <div>
                        <b>End time: </b>15:00:24
                     </div>
                     <div>
                        <b>Duration: </b>4s
                        
                     </div>
                  </div>
               </td>
            </tr>
            <tr></tr>
            <tr id="abc.TestAlert_afterMethod_byStatus_passed_PASS25_row"
                class="testMethodStatusPASS testMethodStatusCONF">
               <td width="100%" class="firstMethodCell">
                  <a onclick="toggleDetailsVisibility('abc.TestAlert_afterMethod_byStatus_passed_PASS25_details')">afterMethod()</a>
               </td>
               <td nowrap="true">15:00:24</td>
               <td nowrap="true" align="right">1s
                  
               </td>
               <td nowrap="true">
                   
                  
               </td>
            </tr>
            <tr>
               <td colspan="4" class="detailsBox">
                  <div id="abc.TestAlert_afterMethod_byStatus_passed_PASS25_details"
                       class="testMethodDetails">
                     <div>
                        <b>Name: </b>afterMethod
                     </div>
                     <div>
                        <b>Signature: </b>afterMethod()[pri:0, instance:abc.TestAlert@1719d5b]
                     </div>
                     <div>
                        <b>Start time: </b>15:00:24
                     </div>
                     <div>
                        <b>End time: </b>15:00:25
                     </div>
                     <div>
                        <b>Duration: </b>1s
                        
                     </div>
                  </div>
               </td>
            </tr>
            <tr></tr>
            <tr id="abc.TestActions_beforeMethod_byStatus_passed_PASS26_row"
                class="testMethodStatusPASS testMethodStatusCONF">
               <td width="100%" class="firstMethodCell">
                  <a onclick="toggleDetailsVisibility('abc.TestActions_beforeMethod_byStatus_passed_PASS26_details')">beforeMethod()</a>
               </td>
               <td nowrap="true">14:59:39</td>
               <td nowrap="true" align="right">12s
                  
               </td>
               <td nowrap="true">
                   
                  
               </td>
            </tr>
            <tr>
               <td colspan="4" class="detailsBox">
                  <div id="abc.TestActions_beforeMethod_byStatus_passed_PASS26_details"
                       class="testMethodDetails">
                     <div>
                        <b>Name: </b>beforeMethod
                     </div>
                     <div>
                        <b>Signature: </b>beforeMethod()[pri:0, instance:abc.TestActions@548719]
                     </div>
                     <div>
                        <b>Start time: </b>14:59:39
                     </div>
                     <div>
                        <b>End time: </b>14:59:52
                     </div>
                     <div>
                        <b>Duration: </b>12s
                        
                     </div>
                  </div>
               </td>
            </tr>
            <tr></tr>
            <tr id="abc.TestActions_testActions_byStatus_passed_PASS27_row"
                class="testMethodStatusPASS">
               <td width="100%" class="firstMethodCell">
                  <a onclick="toggleDetailsVisibility('abc.TestActions_testActions_byStatus_passed_PASS27_details')">testActions()</a>
               </td>
               <td nowrap="true">14:59:52</td>
               <td nowrap="true" align="right">12s
                  
               </td>
               <td nowrap="true">
                   
                  
               </td>
            </tr>
            <tr>
               <td colspan="4" class="detailsBox">
                  <div id="abc.TestActions_testActions_byStatus_passed_PASS27_details"
                       class="testMethodDetails">
                     <div>
                        <b>Name: </b>testActions
                     </div>
                     <div>
                        <b>Signature: </b>testActions()[pri:0, instance:abc.TestActions@548719]
                     </div>
                     <div>
                        <b>Start time: </b>14:59:52
                     </div>
                     <div>
                        <b>End time: </b>15:00:05
                     </div>
                     <div>
                        <b>Duration: </b>12s
                        
                     </div>
                  </div>
               </td>
            </tr>
            <tr></tr>
            <tr id="abc.TestActions_afterMethod_byStatus_passed_PASS28_row"
                class="testMethodStatusPASS testMethodStatusCONF">
               <td width="100%" class="firstMethodCell">
                  <a onclick="toggleDetailsVisibility('abc.TestActions_afterMethod_byStatus_passed_PASS28_details')">afterMethod()</a>
               </td>
               <td nowrap="true">15:00:05</td>
               <td nowrap="true" align="right">3s
                  
               </td>
               <td nowrap="true">
                   
                  
               </td>
            </tr>
            <tr>
               <td colspan="4" class="detailsBox">
                  <div id="abc.TestActions_afterMethod_byStatus_passed_PASS28_details"
                       class="testMethodDetails">
                     <div>
                        <b>Name: </b>afterMethod
                     </div>
                     <div>
                        <b>Signature: </b>afterMethod()[pri:0, instance:abc.TestActions@548719]
                     </div>
                     <div>
                        <b>Start time: </b>15:00:05
                     </div>
                     <div>
                        <b>End time: </b>15:00:08
                     </div>
                     <div>
                        <b>Duration: </b>3s
                        
                     </div>
                  </div>
               </td>
            </tr>
            <tr></tr>
            <tr id="abc.TestCanvas_beforeMethod_byStatus_passed_PASS29_row"
                class="testMethodStatusPASS testMethodStatusCONF">
               <td width="100%" class="firstMethodCell">
                  <a onclick="toggleDetailsVisibility('abc.TestCanvas_beforeMethod_byStatus_passed_PASS29_details')">beforeMethod()</a>
               </td>
               <td nowrap="true">15:00:25</td>
               <td nowrap="true" align="right">11s
                  
               </td>
               <td nowrap="true">
                   
                  
               </td>
            </tr>
            <tr>
               <td colspan="4" class="detailsBox">
                  <div id="abc.TestCanvas_beforeMethod_byStatus_passed_PASS29_details"
                       class="testMethodDetails">
                     <div>
                        <b>Name: </b>beforeMethod
                     </div>
                     <div>
                        <b>Signature: </b>beforeMethod()[pri:0, instance:abc.TestCanvas@11c635]
                     </div>
                     <div>
                        <b>Start time: </b>15:00:25
                     </div>
                     <div>
                        <b>End time: </b>15:00:36
                     </div>
                     <div>
                        <b>Duration: </b>11s
                        
                     </div>
                  </div>
               </td>
            </tr>
            <tr></tr>
            <tr id="abc.TestCanvas_canvas_byStatus_passed_PASS30_row"
                class="testMethodStatusPASS">
               <td width="100%" class="firstMethodCell">
                  <a onclick="toggleDetailsVisibility('abc.TestCanvas_canvas_byStatus_passed_PASS30_details')">canvas()</a>
               </td>
               <td nowrap="true">15:00:36</td>
               <td nowrap="true" align="right">11s
                  
               </td>
               <td nowrap="true">
                   
                  
               </td>
            </tr>
            <tr>
               <td colspan="4" class="detailsBox">
                  <div id="abc.TestCanvas_canvas_byStatus_passed_PASS30_details"
                       class="testMethodDetails">
                     <div>
                        <b>Name: </b>canvas
                     </div>
                     <div>
                        <b>Signature: </b>canvas()[pri:0, instance:abc.TestCanvas@11c635]
                     </div>
                     <div>
                        <b>Start time: </b>15:00:36
                     </div>
                     <div>
                        <b>End time: </b>15:00:48
                     </div>
                     <div>
                        <b>Duration: </b>11s
                        
                     </div>
                  </div>
               </td>
            </tr>
            <tr></tr>
            <tr id="abc.TestCanvas_afterMethod_byStatus_passed_PASS31_row"
                class="testMethodStatusPASS testMethodStatusCONF">
               <td width="100%" class="firstMethodCell">
                  <a onclick="toggleDetailsVisibility('abc.TestCanvas_afterMethod_byStatus_passed_PASS31_details')">afterMethod()</a>
               </td>
               <td nowrap="true">15:00:48</td>
               <td nowrap="true" align="right">2s
                  
               </td>
               <td nowrap="true">
                   
                  
               </td>
            </tr>
            <tr>
               <td colspan="4" class="detailsBox">
                  <div id="abc.TestCanvas_afterMethod_byStatus_passed_PASS31_details"
                       class="testMethodDetails">
                     <div>
                        <b>Name: </b>afterMethod
                     </div>
                     <div>
                        <b>Signature: </b>afterMethod()[pri:0, instance:abc.TestCanvas@11c635]
                     </div>
                     <div>
                        <b>Start time: </b>15:00:48
                     </div>
                     <div>
                        <b>End time: </b>15:00:51
                     </div>
                     <div>
                        <b>Duration: </b>2s
                        
                     </div>
                  </div>
               </td>
            </tr>
            <tr></tr>
            <tr id="abc.TestSelect_beforeMethod_byStatus_passed_PASS32_row"
                class="testMethodStatusPASS testMethodStatusCONF">
               <td width="100%" class="firstMethodCell">
                  <a onclick="toggleDetailsVisibility('abc.TestSelect_beforeMethod_byStatus_passed_PASS32_details')">beforeMethod()</a>
               </td>
               <td nowrap="true">15:03:18</td>
               <td nowrap="true" align="right">14s
                  
               </td>
               <td nowrap="true">
                   
                  
               </td>
            </tr>
            <tr>
               <td colspan="4" class="detailsBox">
                  <div id="abc.TestSelect_beforeMethod_byStatus_passed_PASS32_details"
                       class="testMethodDetails">
                     <div>
                        <b>Name: </b>beforeMethod
                     </div>
                     <div>
                        <b>Signature: </b>beforeMethod()[pri:0, instance:abc.TestSelect@5dfb22]
                     </div>
                     <div>
                        <b>Start time: </b>15:03:18
                     </div>
                     <div>
                        <b>End time: </b>15:03:33
                     </div>
                     <div>
                        <b>Duration: </b>14s
                        
                     </div>
                  </div>
               </td>
            </tr>
            <tr></tr>
            <tr id="abc.TestSelect_afterMethod_byStatus_passed_PASS33_row"
                class="testMethodStatusPASS testMethodStatusCONF">
               <td width="100%" class="firstMethodCell">
                  <a onclick="toggleDetailsVisibility('abc.TestSelect_afterMethod_byStatus_passed_PASS33_details')">afterMethod()</a>
               </td>
               <td nowrap="true">15:03:33</td>
               <td nowrap="true" align="right">2s
                  
               </td>
               <td nowrap="true">
                   
                  
               </td>
            </tr>
            <tr>
               <td colspan="4" class="detailsBox">
                  <div id="abc.TestSelect_afterMethod_byStatus_passed_PASS33_details"
                       class="testMethodDetails">
                     <div>
                        <b>Name: </b>afterMethod
                     </div>
                     <div>
                        <b>Signature: </b>afterMethod()[pri:0, instance:abc.TestSelect@5dfb22]
                     </div>
                     <div>
                        <b>Start time: </b>15:03:33
                     </div>
                     <div>
                        <b>End time: </b>15:03:35
                     </div>
                     <div>
                        <b>Duration: </b>2s
                        
                     </div>
                  </div>
               </td>
            </tr>
            <tr></tr>
            <tr id="abc.TestScrollBy_beforeMethod_byStatus_passed_PASS34_row"
                class="testMethodStatusPASS testMethodStatusCONF">
               <td width="100%" class="firstMethodCell">
                  <a onclick="toggleDetailsVisibility('abc.TestScrollBy_beforeMethod_byStatus_passed_PASS34_details')">beforeMethod()</a>
               </td>
               <td nowrap="true">15:02:48</td>
               <td nowrap="true" align="right">7s
                  
               </td>
               <td nowrap="true">
                   
                  
               </td>
            </tr>
            <tr>
               <td colspan="4" class="detailsBox">
                  <div id="abc.TestScrollBy_beforeMethod_byStatus_passed_PASS34_details"
                       class="testMethodDetails">
                     <div>
                        <b>Name: </b>beforeMethod
                     </div>
                     <div>
                        <b>Signature: </b>beforeMethod()[pri:0, instance:abc.TestScrollBy@f5c8fb]
                     </div>
                     <div>
                        <b>Start time: </b>15:02:48
                     </div>
                     <div>
                        <b>End time: </b>15:02:56
                     </div>
                     <div>
                        <b>Duration: </b>7s
                        
                     </div>
                  </div>
               </td>
            </tr>
            <tr></tr>
            <tr id="abc.TestScrollBy_ScrollBy_byStatus_passed_PASS35_row"
                class="testMethodStatusPASS">
               <td width="100%" class="firstMethodCell">
                  <a onclick="toggleDetailsVisibility('abc.TestScrollBy_ScrollBy_byStatus_passed_PASS35_details')">ScrollBy()</a>
               </td>
               <td nowrap="true">15:02:56</td>
               <td nowrap="true" align="right">22s
                  
               </td>
               <td nowrap="true">
                   
                  
               </td>
            </tr>
            <tr>
               <td colspan="4" class="detailsBox">
                  <div id="abc.TestScrollBy_ScrollBy_byStatus_passed_PASS35_details"
                       class="testMethodDetails">
                     <div>
                        <b>Name: </b>ScrollBy
                     </div>
                     <div>
                        <b>Signature: </b>ScrollBy()[pri:0, instance:abc.TestScrollBy@f5c8fb]
                     </div>
                     <div>
                        <b>Start time: </b>15:02:56
                     </div>
                     <div>
                        <b>End time: </b>15:03:18
                     </div>
                     <div>
                        <b>Duration: </b>22s
                        
                     </div>
                  </div>
               </td>
            </tr>
            <tr></tr>
            <tr id="abc.TestScrollBy_afterMethod_byStatus_passed_PASS36_row"
                class="testMethodStatusPASS testMethodStatusCONF">
               <td width="100%" class="firstMethodCell">
                  <a onclick="toggleDetailsVisibility('abc.TestScrollBy_afterMethod_byStatus_passed_PASS36_details')">afterMethod()</a>
               </td>
               <td nowrap="true">15:03:18</td>
               <td nowrap="true" align="right">13 ms
                  
               </td>
               <td nowrap="true">
                   
                  
               </td>
            </tr>
            <tr>
               <td colspan="4" class="detailsBox">
                  <div id="abc.TestScrollBy_afterMethod_byStatus_passed_PASS36_details"
                       class="testMethodDetails">
                     <div>
                        <b>Name: </b>afterMethod
                     </div>
                     <div>
                        <b>Signature: </b>afterMethod()[pri:0, instance:abc.TestScrollBy@f5c8fb]
                     </div>
                     <div>
                        <b>Start time: </b>15:03:18
                     </div>
                     <div>
                        <b>End time: </b>15:03:18
                     </div>
                     <div>
                        <b>Duration: </b>13 ms
                        
                     </div>
                  </div>
               </td>
            </tr>
            <tr></tr>
            <tr id="abc.TestDataDrive_beforeMethod_byStatus_passed_PASS37_row"
                class="testMethodStatusPASS testMethodStatusCONF">
               <td width="100%" class="firstMethodCell">
                  <a onclick="toggleDetailsVisibility('abc.TestDataDrive_beforeMethod_byStatus_passed_PASS37_details')">beforeMethod()</a>
               </td>
               <td nowrap="true">15:04:47</td>
               <td nowrap="true" align="right">6s
                  
               </td>
               <td nowrap="true">
                   
                  
               </td>
            </tr>
            <tr>
               <td colspan="4" class="detailsBox">
                  <div id="abc.TestDataDrive_beforeMethod_byStatus_passed_PASS37_details"
                       class="testMethodDetails">
                     <div>
                        <b>Name: </b>beforeMethod
                     </div>
                     <div>
                        <b>Signature: </b>beforeMethod()[pri:0, instance:abc.TestDataDrive@1549f0e]
                     </div>
                     <div>
                        <b>Start time: </b>15:04:47
                     </div>
                     <div>
                        <b>End time: </b>15:04:53
                     </div>
                     <div>
                        <b>Duration: </b>6s
                        
                     </div>
                  </div>
               </td>
            </tr>
            <tr></tr>
            <tr id="abc.TestDataDrive_dataDrive_byStatus_passed_PASS38_row"
                class="testMethodStatusPASS">
               <td width="100%" class="firstMethodCell">
                  <a onclick="toggleDetailsVisibility('abc.TestDataDrive_dataDrive_byStatus_passed_PASS38_details')">dataDrive()</a>
               </td>
               <td nowrap="true">15:04:53</td>
               <td nowrap="true" align="right">14s
                  
               </td>
               <td nowrap="true">
                   
                  
               </td>
            </tr>
            <tr>
               <td colspan="4" class="detailsBox">
                  <div id="abc.TestDataDrive_dataDrive_byStatus_passed_PASS38_details"
                       class="testMethodDetails">
                     <div>
                        <b>Name: </b>dataDrive
                     </div>
                     <div>
                        <b>Signature: </b>dataDrive()[pri:0, instance:abc.TestDataDrive@1549f0e]
                     </div>
                     <div>
                        <b>Start time: </b>15:04:53
                     </div>
                     <div>
                        <b>End time: </b>15:05:08
                     </div>
                     <div>
                        <b>Duration: </b>14s
                        
                     </div>
                  </div>
               </td>
            </tr>
            <tr></tr>
            <tr id="abc.TestDataDrive_afterMethod_byStatus_passed_PASS39_row"
                class="testMethodStatusPASS testMethodStatusCONF">
               <td width="100%" class="firstMethodCell">
                  <a onclick="toggleDetailsVisibility('abc.TestDataDrive_afterMethod_byStatus_passed_PASS39_details')">afterMethod()</a>
               </td>
               <td nowrap="true">15:05:08</td>
               <td nowrap="true" align="right">1s
                  
               </td>
               <td nowrap="true">
                   
                  
               </td>
            </tr>
            <tr>
               <td colspan="4" class="detailsBox">
                  <div id="abc.TestDataDrive_afterMethod_byStatus_passed_PASS39_details"
                       class="testMethodDetails">
                     <div>
                        <b>Name: </b>afterMethod
                     </div>
                     <div>
                        <b>Signature: </b>afterMethod()[pri:0, instance:abc.TestDataDrive@1549f0e]
                     </div>
                     <div>
                        <b>Start time: </b>15:05:08
                     </div>
                     <div>
                        <b>End time: </b>15:05:09
                     </div>
                     <div>
                        <b>Duration: </b>1s
                        
                     </div>
                  </div>
               </td>
            </tr>
            <tr></tr>
         </table>
      </div>
      <div id="testMethodsByClass" style="display: none;">
         <table class="testMethodsTable" cellpadding="0" cellspacing="0">
            <tr>
               <td colspan="4">
                  <h3 style="display: inline;">abc.TestActions</h3>
               </td>
            </tr>
            <tr class="methodsTableHeader">
               <td width="100%">Name</td>
               <td nowrap="true">Started</td>
               <td nowrap="true">Duration</td>
               <td>Exception</td>
            </tr>
            <tr id="abc.TestActions_beforeMethod_byClass_PASS1_row"
                class="testMethodStatusPASS testMethodStatusCONF">
               <td width="100%" class="firstMethodCell">
                  <a onclick="toggleDetailsVisibility('abc.TestActions_beforeMethod_byClass_PASS1_details')">beforeMethod()</a>
               </td>
               <td nowrap="true">14:59:39</td>
               <td nowrap="true" align="right">12s
                  
               </td>
               <td nowrap="true">
                   
                  
               </td>
            </tr>
            <tr>
               <td colspan="4" class="detailsBox">
                  <div id="abc.TestActions_beforeMethod_byClass_PASS1_details"
                       class="testMethodDetails">
                     <div>
                        <b>Name: </b>beforeMethod
                     </div>
                     <div>
                        <b>Signature: </b>beforeMethod()[pri:0, instance:abc.TestActions@548719]
                     </div>
                     <div>
                        <b>Start time: </b>14:59:39
                     </div>
                     <div>
                        <b>End time: </b>14:59:52
                     </div>
                     <div>
                        <b>Duration: </b>12s
                        
                     </div>
                  </div>
               </td>
            </tr>
            <tr></tr>
            <tr id="abc.TestActions_testActions_byClass_PASS2_row" class="testMethodStatusPASS">
               <td width="100%" class="firstMethodCell">
                  <a onclick="toggleDetailsVisibility('abc.TestActions_testActions_byClass_PASS2_details')">testActions()</a>
               </td>
               <td nowrap="true">14:59:52</td>
               <td nowrap="true" align="right">12s
                  
               </td>
               <td nowrap="true">
                   
                  
               </td>
            </tr>
            <tr>
               <td colspan="4" class="detailsBox">
                  <div id="abc.TestActions_testActions_byClass_PASS2_details"
                       class="testMethodDetails">
                     <div>
                        <b>Name: </b>testActions
                     </div>
                     <div>
                        <b>Signature: </b>testActions()[pri:0, instance:abc.TestActions@548719]
                     </div>
                     <div>
                        <b>Start time: </b>14:59:52
                     </div>
                     <div>
                        <b>End time: </b>15:00:05
                     </div>
                     <div>
                        <b>Duration: </b>12s
                        
                     </div>
                  </div>
               </td>
            </tr>
            <tr></tr>
            <tr id="abc.TestActions_afterMethod_byClass_PASS3_row"
                class="testMethodStatusPASS testMethodStatusCONF">
               <td width="100%" class="firstMethodCell">
                  <a onclick="toggleDetailsVisibility('abc.TestActions_afterMethod_byClass_PASS3_details')">afterMethod()</a>
               </td>
               <td nowrap="true">15:00:05</td>
               <td nowrap="true" align="right">3s
                  
               </td>
               <td nowrap="true">
                   
                  
               </td>
            </tr>
            <tr>
               <td colspan="4" class="detailsBox">
                  <div id="abc.TestActions_afterMethod_byClass_PASS3_details"
                       class="testMethodDetails">
                     <div>
                        <b>Name: </b>afterMethod
                     </div>
                     <div>
                        <b>Signature: </b>afterMethod()[pri:0, instance:abc.TestActions@548719]
                     </div>
                     <div>
                        <b>Start time: </b>15:00:05
                     </div>
                     <div>
                        <b>End time: </b>15:00:08
                     </div>
                     <div>
                        <b>Duration: </b>3s
                        
                     </div>
                  </div>
               </td>
            </tr>
            <tr></tr>
         </table>
         <br></br>
         <table class="testMethodsTable" cellpadding="0" cellspacing="0">
            <tr>
               <td colspan="4">
                  <h3 style="display: inline;">abc.TestAlert</h3>
               </td>
            </tr>
            <tr class="methodsTableHeader">
               <td width="100%">Name</td>
               <td nowrap="true">Started</td>
               <td nowrap="true">Duration</td>
               <td>Exception</td>
            </tr>
            <tr id="abc.TestAlert_beforeMethod_byClass_PASS1_row"
                class="testMethodStatusPASS testMethodStatusCONF">
               <td width="100%" class="firstMethodCell">
                  <a onclick="toggleDetailsVisibility('abc.TestAlert_beforeMethod_byClass_PASS1_details')">beforeMethod()</a>
               </td>
               <td nowrap="true">15:00:08</td>
               <td nowrap="true" align="right">11s
                  
               </td>
               <td nowrap="true">
                   
                  
               </td>
            </tr>
            <tr>
               <td colspan="4" class="detailsBox">
                  <div id="abc.TestAlert_beforeMethod_byClass_PASS1_details" class="testMethodDetails">
                     <div>
                        <b>Name: </b>beforeMethod
                     </div>
                     <div>
                        <b>Signature: </b>beforeMethod()[pri:0, instance:abc.TestAlert@1719d5b]
                     </div>
                     <div>
                        <b>Start time: </b>15:00:08
                     </div>
                     <div>
                        <b>End time: </b>15:00:20
                     </div>
                     <div>
                        <b>Duration: </b>11s
                        
                     </div>
                  </div>
               </td>
            </tr>
            <tr></tr>
            <tr id="abc.TestAlert_testAlert_byClass_PASS2_row" class="testMethodStatusPASS">
               <td width="100%" class="firstMethodCell">
                  <a onclick="toggleDetailsVisibility('abc.TestAlert_testAlert_byClass_PASS2_details')">testAlert()</a>
               </td>
               <td nowrap="true">15:00:20</td>
               <td nowrap="true" align="right">4s
                  
               </td>
               <td nowrap="true">
                   
                  
               </td>
            </tr>
            <tr>
               <td colspan="4" class="detailsBox">
                  <div id="abc.TestAlert_testAlert_byClass_PASS2_details" class="testMethodDetails">
                     <div>
                        <b>Name: </b>testAlert
                     </div>
                     <div>
                        <b>Signature: </b>testAlert()[pri:0, instance:abc.TestAlert@1719d5b]
                     </div>
                     <div>
                        <b>Start time: </b>15:00:20
                     </div>
                     <div>
                        <b>End time: </b>15:00:24
                     </div>
                     <div>
                        <b>Duration: </b>4s
                        
                     </div>
                  </div>
               </td>
            </tr>
            <tr></tr>
            <tr id="abc.TestAlert_afterMethod_byClass_PASS3_row"
                class="testMethodStatusPASS testMethodStatusCONF">
               <td width="100%" class="firstMethodCell">
                  <a onclick="toggleDetailsVisibility('abc.TestAlert_afterMethod_byClass_PASS3_details')">afterMethod()</a>
               </td>
               <td nowrap="true">15:00:24</td>
               <td nowrap="true" align="right">1s
                  
               </td>
               <td nowrap="true">
                   
                  
               </td>
            </tr>
            <tr>
               <td colspan="4" class="detailsBox">
                  <div id="abc.TestAlert_afterMethod_byClass_PASS3_details" class="testMethodDetails">
                     <div>
                        <b>Name: </b>afterMethod
                     </div>
                     <div>
                        <b>Signature: </b>afterMethod()[pri:0, instance:abc.TestAlert@1719d5b]
                     </div>
                     <div>
                        <b>Start time: </b>15:00:24
                     </div>
                     <div>
                        <b>End time: </b>15:00:25
                     </div>
                     <div>
                        <b>Duration: </b>1s
                        
                     </div>
                  </div>
               </td>
            </tr>
            <tr></tr>
         </table>
         <br></br>
         <table class="testMethodsTable" cellpadding="0" cellspacing="0">
            <tr>
               <td colspan="4">
                  <h3 style="display: inline;">abc.TestCanvas</h3>
               </td>
            </tr>
            <tr class="methodsTableHeader">
               <td width="100%">Name</td>
               <td nowrap="true">Started</td>
               <td nowrap="true">Duration</td>
               <td>Exception</td>
            </tr>
            <tr id="abc.TestCanvas_beforeMethod_byClass_PASS1_row"
                class="testMethodStatusPASS testMethodStatusCONF">
               <td width="100%" class="firstMethodCell">
                  <a onclick="toggleDetailsVisibility('abc.TestCanvas_beforeMethod_byClass_PASS1_details')">beforeMethod()</a>
               </td>
               <td nowrap="true">15:00:25</td>
               <td nowrap="true" align="right">11s
                  
               </td>
               <td nowrap="true">
                   
                  
               </td>
            </tr>
            <tr>
               <td colspan="4" class="detailsBox">
                  <div id="abc.TestCanvas_beforeMethod_byClass_PASS1_details"
                       class="testMethodDetails">
                     <div>
                        <b>Name: </b>beforeMethod
                     </div>
                     <div>
                        <b>Signature: </b>beforeMethod()[pri:0, instance:abc.TestCanvas@11c635]
                     </div>
                     <div>
                        <b>Start time: </b>15:00:25
                     </div>
                     <div>
                        <b>End time: </b>15:00:36
                     </div>
                     <div>
                        <b>Duration: </b>11s
                        
                     </div>
                  </div>
               </td>
            </tr>
            <tr></tr>
            <tr id="abc.TestCanvas_canvas_byClass_PASS2_row" class="testMethodStatusPASS">
               <td width="100%" class="firstMethodCell">
                  <a onclick="toggleDetailsVisibility('abc.TestCanvas_canvas_byClass_PASS2_details')">canvas()</a>
               </td>
               <td nowrap="true">15:00:36</td>
               <td nowrap="true" align="right">11s
                  
               </td>
               <td nowrap="true">
                   
                  
               </td>
            </tr>
            <tr>
               <td colspan="4" class="detailsBox">
                  <div id="abc.TestCanvas_canvas_byClass_PASS2_details" class="testMethodDetails">
                     <div>
                        <b>Name: </b>canvas
                     </div>
                     <div>
                        <b>Signature: </b>canvas()[pri:0, instance:abc.TestCanvas@11c635]
                     </div>
                     <div>
                        <b>Start time: </b>15:00:36
                     </div>
                     <div>
                        <b>End time: </b>15:00:48
                     </div>
                     <div>
                        <b>Duration: </b>11s
                        
                     </div>
                  </div>
               </td>
            </tr>
            <tr></tr>
            <tr id="abc.TestCanvas_afterMethod_byClass_PASS3_row"
                class="testMethodStatusPASS testMethodStatusCONF">
               <td width="100%" class="firstMethodCell">
                  <a onclick="toggleDetailsVisibility('abc.TestCanvas_afterMethod_byClass_PASS3_details')">afterMethod()</a>
               </td>
               <td nowrap="true">15:00:48</td>
               <td nowrap="true" align="right">2s
                  
               </td>
               <td nowrap="true">
                   
                  
               </td>
            </tr>
            <tr>
               <td colspan="4" class="detailsBox">
                  <div id="abc.TestCanvas_afterMethod_byClass_PASS3_details" class="testMethodDetails">
                     <div>
                        <b>Name: </b>afterMethod
                     </div>
                     <div>
                        <b>Signature: </b>afterMethod()[pri:0, instance:abc.TestCanvas@11c635]
                     </div>
                     <div>
                        <b>Start time: </b>15:00:48
                     </div>
                     <div>
                        <b>End time: </b>15:00:51
                     </div>
                     <div>
                        <b>Duration: </b>2s
                        
                     </div>
                  </div>
               </td>
            </tr>
            <tr></tr>
         </table>
         <br></br>
         <table class="testMethodsTable" cellpadding="0" cellspacing="0">
            <tr>
               <td colspan="4">
                  <h3 style="display: inline;">abc.TestDataBase</h3>
               </td>
            </tr>
            <tr class="methodsTableHeader">
               <td width="100%">Name</td>
               <td nowrap="true">Started</td>
               <td nowrap="true">Duration</td>
               <td>Exception</td>
            </tr>
            <tr id="abc.TestDataBase_beforeMethod_byClass_PASS1_row"
                class="testMethodStatusPASS testMethodStatusCONF">
               <td width="100%" class="firstMethodCell">
                  <a onclick="toggleDetailsVisibility('abc.TestDataBase_beforeMethod_byClass_PASS1_details')">beforeMethod()</a>
               </td>
               <td nowrap="true">15:04:21</td>
               <td nowrap="true" align="right">7s
                  
               </td>
               <td nowrap="true">
                   
                  
               </td>
            </tr>
            <tr>
               <td colspan="4" class="detailsBox">
                  <div id="abc.TestDataBase_beforeMethod_byClass_PASS1_details"
                       class="testMethodDetails">
                     <div>
                        <b>Name: </b>beforeMethod
                     </div>
                     <div>
                        <b>Signature: </b>beforeMethod()[pri:0, instance:abc.TestDataBase@1c17a8c]
                     </div>
                     <div>
                        <b>Start time: </b>15:04:21
                     </div>
                     <div>
                        <b>End time: </b>15:04:28
                     </div>
                     <div>
                        <b>Duration: </b>7s
                        
                     </div>
                  </div>
               </td>
            </tr>
            <tr></tr>
            <tr id="abc.TestDataBase_dataBase_byClass_PASS2_row" class="testMethodStatusPASS">
               <td width="100%" class="firstMethodCell">
                  <a onclick="toggleDetailsVisibility('abc.TestDataBase_dataBase_byClass_PASS2_details')">dataBase()</a>
               </td>
               <td nowrap="true">15:04:28</td>
               <td nowrap="true" align="right">17s
                  
               </td>
               <td nowrap="true">
                   
                  
               </td>
            </tr>
            <tr>
               <td colspan="4" class="detailsBox">
                  <div id="abc.TestDataBase_dataBase_byClass_PASS2_details" class="testMethodDetails">
                     <div>
                        <b>Name: </b>dataBase
                     </div>
                     <div>
                        <b>Signature: </b>dataBase()[pri:0, instance:abc.TestDataBase@1c17a8c]
                     </div>
                     <div>
                        <b>Start time: </b>15:04:28
                     </div>
                     <div>
                        <b>End time: </b>15:04:46
                     </div>
                     <div>
                        <b>Duration: </b>17s
                        
                     </div>
                  </div>
               </td>
            </tr>
            <tr></tr>
            <tr id="abc.TestDataBase_afterMethod_byClass_PASS3_row"
                class="testMethodStatusPASS testMethodStatusCONF">
               <td width="100%" class="firstMethodCell">
                  <a onclick="toggleDetailsVisibility('abc.TestDataBase_afterMethod_byClass_PASS3_details')">afterMethod()</a>
               </td>
               <td nowrap="true">15:04:46</td>
               <td nowrap="true" align="right">1s
                  
               </td>
               <td nowrap="true">
                   
                  
               </td>
            </tr>
            <tr>
               <td colspan="4" class="detailsBox">
                  <div id="abc.TestDataBase_afterMethod_byClass_PASS3_details"
                       class="testMethodDetails">
                     <div>
                        <b>Name: </b>afterMethod
                     </div>
                     <div>
                        <b>Signature: </b>afterMethod()[pri:0, instance:abc.TestDataBase@1c17a8c]
                     </div>
                     <div>
                        <b>Start time: </b>15:04:46
                     </div>
                     <div>
                        <b>End time: </b>15:04:47
                     </div>
                     <div>
                        <b>Duration: </b>1s
                        
                     </div>
                  </div>
               </td>
            </tr>
            <tr></tr>
         </table>
         <br></br>
         <table class="testMethodsTable" cellpadding="0" cellspacing="0">
            <tr>
               <td colspan="4">
                  <h3 style="display: inline;">abc.TestDataDrive</h3>
               </td>
            </tr>
            <tr class="methodsTableHeader">
               <td width="100%">Name</td>
               <td nowrap="true">Started</td>
               <td nowrap="true">Duration</td>
               <td>Exception</td>
            </tr>
            <tr id="abc.TestDataDrive_beforeMethod_byClass_PASS1_row"
                class="testMethodStatusPASS testMethodStatusCONF">
               <td width="100%" class="firstMethodCell">
                  <a onclick="toggleDetailsVisibility('abc.TestDataDrive_beforeMethod_byClass_PASS1_details')">beforeMethod()</a>
               </td>
               <td nowrap="true">15:04:47</td>
               <td nowrap="true" align="right">6s
                  
               </td>
               <td nowrap="true">
                   
                  
               </td>
            </tr>
            <tr>
               <td colspan="4" class="detailsBox">
                  <div id="abc.TestDataDrive_beforeMethod_byClass_PASS1_details"
                       class="testMethodDetails">
                     <div>
                        <b>Name: </b>beforeMethod
                     </div>
                     <div>
                        <b>Signature: </b>beforeMethod()[pri:0, instance:abc.TestDataDrive@1549f0e]
                     </div>
                     <div>
                        <b>Start time: </b>15:04:47
                     </div>
                     <div>
                        <b>End time: </b>15:04:53
                     </div>
                     <div>
                        <b>Duration: </b>6s
                        
                     </div>
                  </div>
               </td>
            </tr>
            <tr></tr>
            <tr id="abc.TestDataDrive_dataDrive_byClass_PASS2_row" class="testMethodStatusPASS">
               <td width="100%" class="firstMethodCell">
                  <a onclick="toggleDetailsVisibility('abc.TestDataDrive_dataDrive_byClass_PASS2_details')">dataDrive()</a>
               </td>
               <td nowrap="true">15:04:53</td>
               <td nowrap="true" align="right">14s
                  
               </td>
               <td nowrap="true">
                   
                  
               </td>
            </tr>
            <tr>
               <td colspan="4" class="detailsBox">
                  <div id="abc.TestDataDrive_dataDrive_byClass_PASS2_details"
                       class="testMethodDetails">
                     <div>
                        <b>Name: </b>dataDrive
                     </div>
                     <div>
                        <b>Signature: </b>dataDrive()[pri:0, instance:abc.TestDataDrive@1549f0e]
                     </div>
                     <div>
                        <b>Start time: </b>15:04:53
                     </div>
                     <div>
                        <b>End time: </b>15:05:08
                     </div>
                     <div>
                        <b>Duration: </b>14s
                        
                     </div>
                  </div>
               </td>
            </tr>
            <tr></tr>
            <tr id="abc.TestDataDrive_afterMethod_byClass_PASS3_row"
                class="testMethodStatusPASS testMethodStatusCONF">
               <td width="100%" class="firstMethodCell">
                  <a onclick="toggleDetailsVisibility('abc.TestDataDrive_afterMethod_byClass_PASS3_details')">afterMethod()</a>
               </td>
               <td nowrap="true">15:05:08</td>
               <td nowrap="true" align="right">1s
                  
               </td>
               <td nowrap="true">
                   
                  
               </td>
            </tr>
            <tr>
               <td colspan="4" class="detailsBox">
                  <div id="abc.TestDataDrive_afterMethod_byClass_PASS3_details"
                       class="testMethodDetails">
                     <div>
                        <b>Name: </b>afterMethod
                     </div>
                     <div>
                        <b>Signature: </b>afterMethod()[pri:0, instance:abc.TestDataDrive@1549f0e]
                     </div>
                     <div>
                        <b>Start time: </b>15:05:08
                     </div>
                     <div>
                        <b>End time: </b>15:05:09
                     </div>
                     <div>
                        <b>Duration: </b>1s
                        
                     </div>
                  </div>
               </td>
            </tr>
            <tr></tr>
         </table>
         <br></br>
         <table class="testMethodsTable" cellpadding="0" cellspacing="0">
            <tr>
               <td colspan="4">
                  <h3 style="display: inline;">abc.TestDownLoad</h3>
               </td>
            </tr>
            <tr class="methodsTableHeader">
               <td width="100%">Name</td>
               <td nowrap="true">Started</td>
               <td nowrap="true">Duration</td>
               <td>Exception</td>
            </tr>
            <tr id="abc.TestDownLoad_beforeMethod_byClass_PASS1_row"
                class="testMethodStatusPASS testMethodStatusCONF">
               <td width="100%" class="firstMethodCell">
                  <a onclick="toggleDetailsVisibility('abc.TestDownLoad_beforeMethod_byClass_PASS1_details')">beforeMethod()</a>
               </td>
               <td nowrap="true">15:05:09</td>
               <td nowrap="true" align="right">9s
                  
               </td>
               <td nowrap="true">
                   
                  
               </td>
            </tr>
            <tr>
               <td colspan="4" class="detailsBox">
                  <div id="abc.TestDownLoad_beforeMethod_byClass_PASS1_details"
                       class="testMethodDetails">
                     <div>
                        <b>Name: </b>beforeMethod
                     </div>
                     <div>
                        <b>Signature: </b>beforeMethod()[pri:0, instance:abc.TestDownLoad@9652dd]
                     </div>
                     <div>
                        <b>Start time: </b>15:05:09
                     </div>
                     <div>
                        <b>End time: </b>15:05:19
                     </div>
                     <div>
                        <b>Duration: </b>9s
                        
                     </div>
                  </div>
               </td>
            </tr>
            <tr></tr>
            <tr id="abc.TestDownLoad_downLoad_byClass_FAIL2_row" class="testMethodStatusFAIL">
               <td width="100%" class="firstMethodCell">
                  <a onclick="toggleDetailsVisibility('abc.TestDownLoad_downLoad_byClass_FAIL2_details')">downLoad()</a>
               </td>
               <td nowrap="true">15:05:19</td>
               <td nowrap="true" align="right">13m
                  20s
                  
               </td>
               <td nowrap="true">
                  <a onclick="toggleDetailsVisibility('abc.TestDownLoad_downLoad_byClass_FAIL2_exception')">org.openqa.selenium.remote.UnreachableBrowserException: 
                     Error communicating with the remote browser. It may have died.
                     Build info: version: '2.53.0', revision: '35ae25b', time: '2016-03-15 16:57:40'
                     System info: host: 'Administrator', ip: '192.168.1.110', os.name: 'Windows 7', os.arch: 'x86', os.version: '6.1', java.version:
                     '1.7.0_79'
                     Driver info: driver.version: RemoteWebDriver
                     Session ID: 8346d90f-7d05-4a6b-9102-1ca590e16da9
                     Capabilities [{platform=WINDOWS, acceptSslCerts=true, javascriptEnabled=true, cssSelectorsEnabled=true, databaseEnabled=true,
                     browserName=firefox, handlesAlerts=true, nativeEvents=false, webStorageEnabled=true, rotatable=false, locationContextEnabled=true,
                     applicationCacheEnabled=true, takesScreenshot=true, version=38.5.2}]
                     
                  </a>
                   
                  
               </td>
            </tr>
            <tr>
               <td colspan="4" class="detailsBox">
                  <div id="abc.TestDownLoad_downLoad_byClass_FAIL2_details" class="testMethodDetails">
                     <div>
                        <b>Name: </b>downLoad
                     </div>
                     <div>
                        <b>Signature: </b>downLoad()[pri:0, instance:abc.TestDownLoad@9652dd]
                     </div>
                     <div>
                        <b>Start time: </b>15:05:19
                     </div>
                     <div>
                        <b>End time: </b>15:18:40
                     </div>
                     <div>
                        <b>Duration: </b>13m
                        20s
                        
                     </div>
                  </div>
               </td>
            </tr>
            <tr>
               <td colspan="4" class="detailsBox">
                  <div id="abc.TestDownLoad_downLoad_byClass_FAIL2_exception"
                       class="testMethodDetails">
                     <pre style="padding: 5px; margin: 0;">org.openqa.selenium.remote.UnreachableBrowserException: Error communicating with the remote browser. It may have died.
                        Build info: version: '2.53.0', revision: '35ae25b', time: '2016-03-15 16:57:40'
                        System info: host: 'Administrator', ip: '192.168.1.110', os.name: 'Windows 7', os.arch: 'x86', os.version: '6.1', java.version:
                        '1.7.0_79'
                        Driver info: driver.version: RemoteWebDriver
                        Session ID: 8346d90f-7d05-4a6b-9102-1ca590e16da9
                        Capabilities [{platform=WINDOWS, acceptSslCerts=true, javascriptEnabled=true, cssSelectorsEnabled=true, databaseEnabled=true,
                        browserName=firefox, handlesAlerts=true, nativeEvents=false, webStorageEnabled=true, rotatable=false, locationContextEnabled=true,
                        applicationCacheEnabled=true, takesScreenshot=true, version=38.5.2}]
                        	at org.openqa.selenium.remote.RemoteWebDriver.execute(RemoteWebDriver.java:665)
                        	at org.openqa.selenium.remote.RemoteWebDriver.findElement(RemoteWebDriver.java:363)
                        	at org.openqa.selenium.remote.RemoteWebDriver.findElementByXPath(RemoteWebDriver.java:500)
                        	at org.openqa.selenium.By$ByXPath.findElement(By.java:361)
                        	at org.openqa.selenium.remote.RemoteWebDriver.findElement(RemoteWebDriver.java:355)
                        	at abc.pages.BaiduPage.anzhuoxiazai(Unknown Source)
                        	at abc.TestDownLoad.downLoad(Unknown Source)
                        	at sun.reflect.NativeMethodAccessorImpl.invoke0(Native Method)
                        	at sun.reflect.NativeMethodAccessorImpl.invoke(Unknown Source)
                        	at sun.reflect.DelegatingMethodAccessorImpl.invoke(Unknown Source)
                        	at java.lang.reflect.Method.invoke(Unknown Source)
                        	at org.testng.internal.MethodInvocationHelper.invokeMethod(MethodInvocationHelper.java:85)
                        	at org.testng.internal.Invoker.invokeMethod(Invoker.java:639)
                        	at org.testng.internal.Invoker.invokeTestMethod(Invoker.java:816)
                        	at org.testng.internal.Invoker.invokeTestMethods(Invoker.java:1124)
                        	at org.testng.internal.TestMethodWorker.invokeTestMethods(TestMethodWorker.java:125)
                        	at org.testng.internal.TestMethodWorker.run(TestMethodWorker.java:108)
                        	at org.testng.TestRunner.privateRun(TestRunner.java:774)
                        	at org.testng.TestRunner.run(TestRunner.java:624)
                        	at org.testng.SuiteRunner.runTest(SuiteRunner.java:359)
                        	at org.testng.SuiteRunner.runSequentially(SuiteRunner.java:354)
                        	at org.testng.SuiteRunner.privateRun(SuiteRunner.java:312)
                        	at org.testng.SuiteRunner.run(SuiteRunner.java:261)
                        	at org.testng.SuiteRunnerWorker.runSuite(SuiteRunnerWorker.java:52)
                        	at org.testng.SuiteRunnerWorker.run(SuiteRunnerWorker.java:86)
                        	at org.testng.TestNG.runSuitesSequentially(TestNG.java:1215)
                        	at org.testng.TestNG.runSuitesLocally(TestNG.java:1140)
                        	at org.testng.TestNG.run(TestNG.java:1048)
                        	at org.testng.TestNG.privateMain(TestNG.java:1355)
                        	at org.testng.TestNG.main(TestNG.java:1324)
                        Caused by: org.apache.http.conn.HttpHostConnectException: Connect to 127.0.0.1:7055 [/127.0.0.1] failed: Connection refused:
                        connect
                        	at org.apache.http.impl.conn.DefaultHttpClientConnectionOperator.connect(DefaultHttpClientConnectionOperator.java:151)
                        	at org.apache.http.impl.conn.PoolingHttpClientConnectionManager.connect(PoolingHttpClientConnectionManager.java:353)
                        	at org.apache.http.impl.execchain.MainClientExec.establishRoute(MainClientExec.java:380)
                        	at org.apache.http.impl.execchain.MainClientExec.execute(MainClientExec.java:236)
                        	at org.apache.http.impl.execchain.ProtocolExec.execute(ProtocolExec.java:184)
                        	at org.apache.http.impl.execchain.RetryExec.execute(RetryExec.java:88)
                        	at org.apache.http.impl.execchain.RedirectExec.execute(RedirectExec.java:110)
                        	at org.apache.http.impl.client.InternalHttpClient.doExecute(InternalHttpClient.java:184)
                        	at org.apache.http.impl.client.CloseableHttpClient.execute(CloseableHttpClient.java:71)
                        	at org.apache.http.impl.client.CloseableHttpClient.execute(CloseableHttpClient.java:55)
                        	at org.openqa.selenium.remote.internal.ApacheHttpClient.fallBackExecute(ApacheHttpClient.java:144)
                        	at org.openqa.selenium.remote.internal.ApacheHttpClient.execute(ApacheHttpClient.java:90)
                        	at org.openqa.selenium.remote.HttpCommandExecutor.execute(HttpCommandExecutor.java:142)
                        	at org.openqa.selenium.firefox.internal.NewProfileExtensionConnection.execute(NewProfileExtensionConnection.java:160)
                        	at org.openqa.selenium.firefox.FirefoxDriver$LazyCommandExecutor.execute(FirefoxDriver.java:380)
                        	at org.openqa.selenium.remote.RemoteWebDriver.execute(RemoteWebDriver.java:644)
                        	... 29 more
                        Caused by: java.net.ConnectException: Connection refused: connect
                        	at java.net.DualStackPlainSocketImpl.waitForConnect(Native Method)
                        	at java.net.DualStackPlainSocketImpl.socketConnect(Unknown Source)
                        	at java.net.AbstractPlainSocketImpl.doConnect(Unknown Source)
                        	at java.net.AbstractPlainSocketImpl.connectToAddress(Unknown Source)
                        	at java.net.AbstractPlainSocketImpl.connect(Unknown Source)
                        	at java.net.PlainSocketImpl.connect(Unknown Source)
                        	at java.net.SocksSocketImpl.connect(Unknown Source)
                        	at java.net.Socket.connect(Unknown Source)
                        	at org.apache.http.conn.socket.PlainConnectionSocketFactory.connectSocket(PlainConnectionSocketFactory.java:74)
                        	at org.apache.http.impl.conn.DefaultHttpClientConnectionOperator.connect(DefaultHttpClientConnectionOperator.java:134)
                        	... 44 more
                     </pre>
                  </div>
               </td>
            </tr>
            <tr id="abc.TestDownLoad_afterMethod_byClass_FAIL3_row"
                class="testMethodStatusFAIL testMethodStatusCONF">
               <td width="100%" class="firstMethodCell">
                  <a onclick="toggleDetailsVisibility('abc.TestDownLoad_afterMethod_byClass_FAIL3_details')">afterMethod()</a>
               </td>
               <td nowrap="true">15:18:40</td>
               <td nowrap="true" align="right">0 ms
                  
               </td>
               <td nowrap="true">
                  <a onclick="toggleDetailsVisibility('abc.TestDownLoad_afterMethod_byClass_FAIL3_exception')">org.openqa.selenium.remote.UnreachableBrowserException: 
                     Error communicating with the remote browser. It may have died.
                     Build info: version: '2.53.0', revision: '35ae25b', time: '2016-03-15 16:57:40'
                     System info: host: 'Administrator', ip: '192.168.1.110', os.name: 'Windows 7', os.arch: 'x86', os.version: '6.1', java.version:
                     '1.7.0_79'
                     Driver info: driver.version: RemoteWebDriver
                     Session ID: 8346d90f-7d05-4a6b-9102-1ca590e16da9
                     Capabilities [{platform=WINDOWS, acceptSslCerts=true, javascriptEnabled=true, cssSelectorsEnabled=true, databaseEnabled=true,
                     browserName=firefox, handlesAlerts=true, nativeEvents=false, webStorageEnabled=true, rotatable=false, locationContextEnabled=true,
                     applicationCacheEnabled=true, takesScreenshot=true, version=38.5.2}]
                     
                  </a>
                   
                  
               </td>
            </tr>
            <tr>
               <td colspan="4" class="detailsBox">
                  <div id="abc.TestDownLoad_afterMethod_byClass_FAIL3_details"
                       class="testMethodDetails">
                     <div>
                        <b>Name: </b>afterMethod
                     </div>
                     <div>
                        <b>Signature: </b>afterMethod()[pri:0, instance:abc.TestDownLoad@9652dd]
                     </div>
                     <div>
                        <b>Start time: </b>15:18:40
                     </div>
                     <div>
                        <b>End time: </b>15:18:40
                     </div>
                     <div>
                        <b>Duration: </b>0 ms
                        
                     </div>
                  </div>
               </td>
            </tr>
            <tr>
               <td colspan="4" class="detailsBox">
                  <div id="abc.TestDownLoad_afterMethod_byClass_FAIL3_exception"
                       class="testMethodDetails">
                     <pre style="padding: 5px; margin: 0;">org.openqa.selenium.remote.UnreachableBrowserException: Error communicating with the remote browser. It may have died.
                        Build info: version: '2.53.0', revision: '35ae25b', time: '2016-03-15 16:57:40'
                        System info: host: 'Administrator', ip: '192.168.1.110', os.name: 'Windows 7', os.arch: 'x86', os.version: '6.1', java.version:
                        '1.7.0_79'
                        Driver info: driver.version: RemoteWebDriver
                        Session ID: 8346d90f-7d05-4a6b-9102-1ca590e16da9
                        Capabilities [{platform=WINDOWS, acceptSslCerts=true, javascriptEnabled=true, cssSelectorsEnabled=true, databaseEnabled=true,
                        browserName=firefox, handlesAlerts=true, nativeEvents=false, webStorageEnabled=true, rotatable=false, locationContextEnabled=true,
                        applicationCacheEnabled=true, takesScreenshot=true, version=38.5.2}]
                        	at org.openqa.selenium.remote.RemoteWebDriver.execute(RemoteWebDriver.java:665)
                        	at org.openqa.selenium.remote.RemoteWebDriver.execute(RemoteWebDriver.java:701)
                        	at org.openqa.selenium.remote.RemoteWebDriver.quit(RemoteWebDriver.java:526)
                        	at abc.TestDownLoad.afterMethod(Unknown Source)
                        	at sun.reflect.NativeMethodAccessorImpl.invoke0(Native Method)
                        	at sun.reflect.NativeMethodAccessorImpl.invoke(Unknown Source)
                        	at sun.reflect.DelegatingMethodAccessorImpl.invoke(Unknown Source)
                        	at java.lang.reflect.Method.invoke(Unknown Source)
                        	at org.testng.internal.MethodInvocationHelper.invokeMethod(MethodInvocationHelper.java:85)
                        	at org.testng.internal.Invoker.invokeConfigurationMethod(Invoker.java:510)
                        	at org.testng.internal.Invoker.invokeConfigurations(Invoker.java:211)
                        	at org.testng.internal.Invoker.invokeMethod(Invoker.java:703)
                        	at org.testng.internal.Invoker.invokeTestMethod(Invoker.java:816)
                        	at org.testng.internal.Invoker.invokeTestMethods(Invoker.java:1124)
                        	at org.testng.internal.TestMethodWorker.invokeTestMethods(TestMethodWorker.java:125)
                        	at org.testng.internal.TestMethodWorker.run(TestMethodWorker.java:108)
                        	at org.testng.TestRunner.privateRun(TestRunner.java:774)
                        	at org.testng.TestRunner.run(TestRunner.java:624)
                        	at org.testng.SuiteRunner.runTest(SuiteRunner.java:359)
                        	at org.testng.SuiteRunner.runSequentially(SuiteRunner.java:354)
                        	at org.testng.SuiteRunner.privateRun(SuiteRunner.java:312)
                        	at org.testng.SuiteRunner.run(SuiteRunner.java:261)
                        	at org.testng.SuiteRunnerWorker.runSuite(SuiteRunnerWorker.java:52)
                        	at org.testng.SuiteRunnerWorker.run(SuiteRunnerWorker.java:86)
                        	at org.testng.TestNG.runSuitesSequentially(TestNG.java:1215)
                        	at org.testng.TestNG.runSuitesLocally(TestNG.java:1140)
                        	at org.testng.TestNG.run(TestNG.java:1048)
                        	at org.testng.TestNG.privateMain(TestNG.java:1355)
                        	at org.testng.TestNG.main(TestNG.java:1324)
                        Caused by: org.apache.http.conn.HttpHostConnectException: Connect to 127.0.0.1:7055 [/127.0.0.1] failed: Connection refused:
                        connect
                        	at org.apache.http.impl.conn.DefaultHttpClientConnectionOperator.connect(DefaultHttpClientConnectionOperator.java:151)
                        	at org.apache.http.impl.conn.PoolingHttpClientConnectionManager.connect(PoolingHttpClientConnectionManager.java:353)
                        	at org.apache.http.impl.execchain.MainClientExec.establishRoute(MainClientExec.java:380)
                        	at org.apache.http.impl.execchain.MainClientExec.execute(MainClientExec.java:236)
                        	at org.apache.http.impl.execchain.ProtocolExec.execute(ProtocolExec.java:184)
                        	at org.apache.http.impl.execchain.RetryExec.execute(RetryExec.java:88)
                        	at org.apache.http.impl.execchain.RedirectExec.execute(RedirectExec.java:110)
                        	at org.apache.http.impl.client.InternalHttpClient.doExecute(InternalHttpClient.java:184)
                        	at org.apache.http.impl.client.CloseableHttpClient.execute(CloseableHttpClient.java:71)
                        	at org.apache.http.impl.client.CloseableHttpClient.execute(CloseableHttpClient.java:55)
                        	at org.openqa.selenium.remote.internal.ApacheHttpClient.fallBackExecute(ApacheHttpClient.java:144)
                        	at org.openqa.selenium.remote.internal.ApacheHttpClient.execute(ApacheHttpClient.java:90)
                        	at org.openqa.selenium.remote.HttpCommandExecutor.execute(HttpCommandExecutor.java:142)
                        	at org.openqa.selenium.firefox.internal.NewProfileExtensionConnection.execute(NewProfileExtensionConnection.java:160)
                        	at org.openqa.selenium.firefox.FirefoxDriver$LazyCommandExecutor.execute(FirefoxDriver.java:380)
                        	at org.openqa.selenium.remote.RemoteWebDriver.execute(RemoteWebDriver.java:644)
                        	... 28 more
                        Caused by: java.net.ConnectException: Connection refused: connect
                        	at java.net.DualStackPlainSocketImpl.waitForConnect(Native Method)
                        	at java.net.DualStackPlainSocketImpl.socketConnect(Unknown Source)
                        	at java.net.AbstractPlainSocketImpl.doConnect(Unknown Source)
                        	at java.net.AbstractPlainSocketImpl.connectToAddress(Unknown Source)
                        	at java.net.AbstractPlainSocketImpl.connect(Unknown Source)
                        	at java.net.PlainSocketImpl.connect(Unknown Source)
                        	at java.net.SocksSocketImpl.connect(Unknown Source)
                        	at java.net.Socket.connect(Unknown Source)
                        	at org.apache.http.conn.socket.PlainConnectionSocketFactory.connectSocket(PlainConnectionSocketFactory.java:74)
                        	at org.apache.http.impl.conn.DefaultHttpClientConnectionOperator.connect(DefaultHttpClientConnectionOperator.java:134)
                        	... 43 more
                     </pre>
                  </div>
               </td>
            </tr>
         </table>
         <br></br>
         <table class="testMethodsTable" cellpadding="0" cellspacing="0">
            <tr>
               <td colspan="4">
                  <h3 style="display: inline;">abc.TestInterFace</h3>
               </td>
            </tr>
            <tr class="methodsTableHeader">
               <td width="100%">Name</td>
               <td nowrap="true">Started</td>
               <td nowrap="true">Duration</td>
               <td>Exception</td>
            </tr>
            <tr id="abc.TestInterFace_beforeMethod_byClass_PASS1_row"
                class="testMethodStatusPASS testMethodStatusCONF">
               <td width="100%" class="firstMethodCell">
                  <a onclick="toggleDetailsVisibility('abc.TestInterFace_beforeMethod_byClass_PASS1_details')">beforeMethod()</a>
               </td>
               <td nowrap="true">15:00:51</td>
               <td nowrap="true" align="right">7s
                  
               </td>
               <td nowrap="true">
                   
                  
               </td>
            </tr>
            <tr>
               <td colspan="4" class="detailsBox">
                  <div id="abc.TestInterFace_beforeMethod_byClass_PASS1_details"
                       class="testMethodDetails">
                     <div>
                        <b>Name: </b>beforeMethod
                     </div>
                     <div>
                        <b>Signature: </b>beforeMethod()[pri:0, instance:abc.TestInterFace@ebc2a2]
                     </div>
                     <div>
                        <b>Start time: </b>15:00:51
                     </div>
                     <div>
                        <b>End time: </b>15:00:58
                     </div>
                     <div>
                        <b>Duration: </b>7s
                        
                     </div>
                  </div>
               </td>
            </tr>
            <tr></tr>
            <tr id="abc.TestInterFace_login_byClass_PASS2_row" class="testMethodStatusPASS">
               <td width="100%" class="firstMethodCell">
                  <a onclick="toggleDetailsVisibility('abc.TestInterFace_login_byClass_PASS2_details')">login()</a>
               </td>
               <td nowrap="true">15:00:58</td>
               <td nowrap="true" align="right">8s
                  
               </td>
               <td nowrap="true">
                   
                  
               </td>
            </tr>
            <tr>
               <td colspan="4" class="detailsBox">
                  <div id="abc.TestInterFace_login_byClass_PASS2_details" class="testMethodDetails">
                     <div>
                        <b>Name: </b>login
                     </div>
                     <div>
                        <b>Signature: </b>login()[pri:0, instance:abc.TestInterFace@ebc2a2]
                     </div>
                     <div>
                        <b>Start time: </b>15:00:58
                     </div>
                     <div>
                        <b>End time: </b>15:01:07
                     </div>
                     <div>
                        <b>Duration: </b>8s
                        
                     </div>
                  </div>
               </td>
            </tr>
            <tr></tr>
            <tr id="abc.TestInterFace_afterMethod_byClass_PASS3_row"
                class="testMethodStatusPASS testMethodStatusCONF">
               <td width="100%" class="firstMethodCell">
                  <a onclick="toggleDetailsVisibility('abc.TestInterFace_afterMethod_byClass_PASS3_details')">afterMethod()</a>
               </td>
               <td nowrap="true">15:01:07</td>
               <td nowrap="true" align="right">2s
                  
               </td>
               <td nowrap="true">
                   
                  
               </td>
            </tr>
            <tr>
               <td colspan="4" class="detailsBox">
                  <div id="abc.TestInterFace_afterMethod_byClass_PASS3_details"
                       class="testMethodDetails">
                     <div>
                        <b>Name: </b>afterMethod
                     </div>
                     <div>
                        <b>Signature: </b>afterMethod()[pri:0, instance:abc.TestInterFace@ebc2a2]
                     </div>
                     <div>
                        <b>Start time: </b>15:01:07
                     </div>
                     <div>
                        <b>End time: </b>15:01:09
                     </div>
                     <div>
                        <b>Duration: </b>2s
                        
                     </div>
                  </div>
               </td>
            </tr>
            <tr></tr>
         </table>
         <br></br>
         <table class="testMethodsTable" cellpadding="0" cellspacing="0">
            <tr>
               <td colspan="4">
                  <h3 style="display: inline;">abc.TestJScript</h3>
               </td>
            </tr>
            <tr class="methodsTableHeader">
               <td width="100%">Name</td>
               <td nowrap="true">Started</td>
               <td nowrap="true">Duration</td>
               <td>Exception</td>
            </tr>
            <tr id="abc.TestJScript_beforeMethod_byClass_PASS1_row"
                class="testMethodStatusPASS testMethodStatusCONF">
               <td width="100%" class="firstMethodCell">
                  <a onclick="toggleDetailsVisibility('abc.TestJScript_beforeMethod_byClass_PASS1_details')">beforeMethod()</a>
               </td>
               <td nowrap="true">15:01:09</td>
               <td nowrap="true" align="right">11s
                  
               </td>
               <td nowrap="true">
                   
                  
               </td>
            </tr>
            <tr>
               <td colspan="4" class="detailsBox">
                  <div id="abc.TestJScript_beforeMethod_byClass_PASS1_details"
                       class="testMethodDetails">
                     <div>
                        <b>Name: </b>beforeMethod
                     </div>
                     <div>
                        <b>Signature: </b>beforeMethod()[pri:0, instance:abc.TestJScript@374956]
                     </div>
                     <div>
                        <b>Start time: </b>15:01:09
                     </div>
                     <div>
                        <b>End time: </b>15:01:21
                     </div>
                     <div>
                        <b>Duration: </b>11s
                        
                     </div>
                  </div>
               </td>
            </tr>
            <tr></tr>
            <tr id="abc.TestJScript_jscript_byClass_PASS2_row" class="testMethodStatusPASS">
               <td width="100%" class="firstMethodCell">
                  <a onclick="toggleDetailsVisibility('abc.TestJScript_jscript_byClass_PASS2_details')">jscript()</a>
               </td>
               <td nowrap="true">15:01:21</td>
               <td nowrap="true" align="right">16s
                  
               </td>
               <td nowrap="true">
                   
                  
               </td>
            </tr>
            <tr>
               <td colspan="4" class="detailsBox">
                  <div id="abc.TestJScript_jscript_byClass_PASS2_details" class="testMethodDetails">
                     <div>
                        <b>Name: </b>jscript
                     </div>
                     <div>
                        <b>Signature: </b>jscript()[pri:0, instance:abc.TestJScript@374956]
                     </div>
                     <div>
                        <b>Start time: </b>15:01:21
                     </div>
                     <div>
                        <b>End time: </b>15:01:37
                     </div>
                     <div>
                        <b>Duration: </b>16s
                        
                     </div>
                  </div>
               </td>
            </tr>
            <tr></tr>
            <tr id="abc.TestJScript_afterMethod_byClass_PASS3_row"
                class="testMethodStatusPASS testMethodStatusCONF">
               <td width="100%" class="firstMethodCell">
                  <a onclick="toggleDetailsVisibility('abc.TestJScript_afterMethod_byClass_PASS3_details')">afterMethod()</a>
               </td>
               <td nowrap="true">15:01:37</td>
               <td nowrap="true" align="right">2s
                  
               </td>
               <td nowrap="true">
                   
                  
               </td>
            </tr>
            <tr>
               <td colspan="4" class="detailsBox">
                  <div id="abc.TestJScript_afterMethod_byClass_PASS3_details"
                       class="testMethodDetails">
                     <div>
                        <b>Name: </b>afterMethod
                     </div>
                     <div>
                        <b>Signature: </b>afterMethod()[pri:0, instance:abc.TestJScript@374956]
                     </div>
                     <div>
                        <b>Start time: </b>15:01:37
                     </div>
                     <div>
                        <b>End time: </b>15:01:40
                     </div>
                     <div>
                        <b>Duration: </b>2s
                        
                     </div>
                  </div>
               </td>
            </tr>
            <tr></tr>
         </table>
         <br></br>
         <table class="testMethodsTable" cellpadding="0" cellspacing="0">
            <tr>
               <td colspan="4">
                  <h3 style="display: inline;">abc.TestKeyBoard</h3>
               </td>
            </tr>
            <tr class="methodsTableHeader">
               <td width="100%">Name</td>
               <td nowrap="true">Started</td>
               <td nowrap="true">Duration</td>
               <td>Exception</td>
            </tr>
            <tr id="abc.TestKeyBoard_beforeMethod_byClass_PASS1_row"
                class="testMethodStatusPASS testMethodStatusCONF">
               <td width="100%" class="firstMethodCell">
                  <a onclick="toggleDetailsVisibility('abc.TestKeyBoard_beforeMethod_byClass_PASS1_details')">beforeMethod()</a>
               </td>
               <td nowrap="true">15:01:40</td>
               <td nowrap="true" align="right">12s
                  
               </td>
               <td nowrap="true">
                   
                  
               </td>
            </tr>
            <tr>
               <td colspan="4" class="detailsBox">
                  <div id="abc.TestKeyBoard_beforeMethod_byClass_PASS1_details"
                       class="testMethodDetails">
                     <div>
                        <b>Name: </b>beforeMethod
                     </div>
                     <div>
                        <b>Signature: </b>beforeMethod()[pri:0, instance:abc.TestKeyBoard@1afebc9]
                     </div>
                     <div>
                        <b>Start time: </b>15:01:40
                     </div>
                     <div>
                        <b>End time: </b>15:01:53
                     </div>
                     <div>
                        <b>Duration: </b>12s
                        
                     </div>
                  </div>
               </td>
            </tr>
            <tr></tr>
            <tr id="abc.TestKeyBoard_keyBoard_byClass_PASS2_row" class="testMethodStatusPASS">
               <td width="100%" class="firstMethodCell">
                  <a onclick="toggleDetailsVisibility('abc.TestKeyBoard_keyBoard_byClass_PASS2_details')">keyBoard()</a>
               </td>
               <td nowrap="true">15:01:53</td>
               <td nowrap="true" align="right">12s
                  
               </td>
               <td nowrap="true">
                   
                  
               </td>
            </tr>
            <tr>
               <td colspan="4" class="detailsBox">
                  <div id="abc.TestKeyBoard_keyBoard_byClass_PASS2_details" class="testMethodDetails">
                     <div>
                        <b>Name: </b>keyBoard
                     </div>
                     <div>
                        <b>Signature: </b>keyBoard()[pri:0, instance:abc.TestKeyBoard@1afebc9]
                     </div>
                     <div>
                        <b>Start time: </b>15:01:53
                     </div>
                     <div>
                        <b>End time: </b>15:02:06
                     </div>
                     <div>
                        <b>Duration: </b>12s
                        
                     </div>
                  </div>
               </td>
            </tr>
            <tr></tr>
            <tr id="abc.TestKeyBoard_afterMethod_byClass_PASS3_row"
                class="testMethodStatusPASS testMethodStatusCONF">
               <td width="100%" class="firstMethodCell">
                  <a onclick="toggleDetailsVisibility('abc.TestKeyBoard_afterMethod_byClass_PASS3_details')">afterMethod()</a>
               </td>
               <td nowrap="true">15:02:06</td>
               <td nowrap="true" align="right">2s
                  
               </td>
               <td nowrap="true">
                   
                  
               </td>
            </tr>
            <tr>
               <td colspan="4" class="detailsBox">
                  <div id="abc.TestKeyBoard_afterMethod_byClass_PASS3_details"
                       class="testMethodDetails">
                     <div>
                        <b>Name: </b>afterMethod
                     </div>
                     <div>
                        <b>Signature: </b>afterMethod()[pri:0, instance:abc.TestKeyBoard@1afebc9]
                     </div>
                     <div>
                        <b>Start time: </b>15:02:06
                     </div>
                     <div>
                        <b>End time: </b>15:02:08
                     </div>
                     <div>
                        <b>Duration: </b>2s
                        
                     </div>
                  </div>
               </td>
            </tr>
            <tr></tr>
         </table>
         <br></br>
         <table class="testMethodsTable" cellpadding="0" cellspacing="0">
            <tr>
               <td colspan="4">
                  <h3 style="display: inline;">abc.TestPageFactory</h3>
               </td>
            </tr>
            <tr class="methodsTableHeader">
               <td width="100%">Name</td>
               <td nowrap="true">Started</td>
               <td nowrap="true">Duration</td>
               <td>Exception</td>
            </tr>
            <tr id="abc.TestPageFactory_beforeMethod_byClass_PASS1_row"
                class="testMethodStatusPASS testMethodStatusCONF">
               <td width="100%" class="firstMethodCell">
                  <a onclick="toggleDetailsVisibility('abc.TestPageFactory_beforeMethod_byClass_PASS1_details')">beforeMethod()</a>
               </td>
               <td nowrap="true">15:02:08</td>
               <td nowrap="true" align="right">7s
                  
               </td>
               <td nowrap="true">
                   
                  
               </td>
            </tr>
            <tr>
               <td colspan="4" class="detailsBox">
                  <div id="abc.TestPageFactory_beforeMethod_byClass_PASS1_details"
                       class="testMethodDetails">
                     <div>
                        <b>Name: </b>beforeMethod
                     </div>
                     <div>
                        <b>Signature: </b>beforeMethod()[pri:0, instance:abc.TestPageFactory@a0fbd6]
                     </div>
                     <div>
                        <b>Start time: </b>15:02:08
                     </div>
                     <div>
                        <b>End time: </b>15:02:16
                     </div>
                     <div>
                        <b>Duration: </b>7s
                        
                     </div>
                  </div>
               </td>
            </tr>
            <tr></tr>
            <tr id="abc.TestPageFactory_Pagefactory_byClass_PASS2_row"
                class="testMethodStatusPASS">
               <td width="100%" class="firstMethodCell">
                  <a onclick="toggleDetailsVisibility('abc.TestPageFactory_Pagefactory_byClass_PASS2_details')">Pagefactory()</a>
               </td>
               <td nowrap="true">15:02:16</td>
               <td nowrap="true" align="right">28s
                  
               </td>
               <td nowrap="true">
                   
                  
               </td>
            </tr>
            <tr>
               <td colspan="4" class="detailsBox">
                  <div id="abc.TestPageFactory_Pagefactory_byClass_PASS2_details"
                       class="testMethodDetails">
                     <div>
                        <b>Name: </b>Pagefactory
                     </div>
                     <div>
                        <b>Signature: </b>Pagefactory()[pri:0, instance:abc.TestPageFactory@a0fbd6]
                     </div>
                     <div>
                        <b>Start time: </b>15:02:16
                     </div>
                     <div>
                        <b>End time: </b>15:02:44
                     </div>
                     <div>
                        <b>Duration: </b>28s
                        
                     </div>
                  </div>
               </td>
            </tr>
            <tr></tr>
            <tr id="abc.TestPageFactory_afterMethod_byClass_PASS3_row"
                class="testMethodStatusPASS testMethodStatusCONF">
               <td width="100%" class="firstMethodCell">
                  <a onclick="toggleDetailsVisibility('abc.TestPageFactory_afterMethod_byClass_PASS3_details')">afterMethod()</a>
               </td>
               <td nowrap="true">15:02:44</td>
               <td nowrap="true" align="right">4s
                  
               </td>
               <td nowrap="true">
                   
                  
               </td>
            </tr>
            <tr>
               <td colspan="4" class="detailsBox">
                  <div id="abc.TestPageFactory_afterMethod_byClass_PASS3_details"
                       class="testMethodDetails">
                     <div>
                        <b>Name: </b>afterMethod
                     </div>
                     <div>
                        <b>Signature: </b>afterMethod()[pri:0, instance:abc.TestPageFactory@a0fbd6]
                     </div>
                     <div>
                        <b>Start time: </b>15:02:44
                     </div>
                     <div>
                        <b>End time: </b>15:02:48
                     </div>
                     <div>
                        <b>Duration: </b>4s
                        
                     </div>
                  </div>
               </td>
            </tr>
            <tr></tr>
         </table>
         <br></br>
         <table class="testMethodsTable" cellpadding="0" cellspacing="0">
            <tr>
               <td colspan="4">
                  <h3 style="display: inline;">abc.TestScrollBy</h3>
               </td>
            </tr>
            <tr class="methodsTableHeader">
               <td width="100%">Name</td>
               <td nowrap="true">Started</td>
               <td nowrap="true">Duration</td>
               <td>Exception</td>
            </tr>
            <tr id="abc.TestScrollBy_beforeMethod_byClass_PASS1_row"
                class="testMethodStatusPASS testMethodStatusCONF">
               <td width="100%" class="firstMethodCell">
                  <a onclick="toggleDetailsVisibility('abc.TestScrollBy_beforeMethod_byClass_PASS1_details')">beforeMethod()</a>
               </td>
               <td nowrap="true">15:02:48</td>
               <td nowrap="true" align="right">7s
                  
               </td>
               <td nowrap="true">
                   
                  
               </td>
            </tr>
            <tr>
               <td colspan="4" class="detailsBox">
                  <div id="abc.TestScrollBy_beforeMethod_byClass_PASS1_details"
                       class="testMethodDetails">
                     <div>
                        <b>Name: </b>beforeMethod
                     </div>
                     <div>
                        <b>Signature: </b>beforeMethod()[pri:0, instance:abc.TestScrollBy@f5c8fb]
                     </div>
                     <div>
                        <b>Start time: </b>15:02:48
                     </div>
                     <div>
                        <b>End time: </b>15:02:56
                     </div>
                     <div>
                        <b>Duration: </b>7s
                        
                     </div>
                  </div>
               </td>
            </tr>
            <tr></tr>
            <tr id="abc.TestScrollBy_ScrollBy_byClass_PASS2_row" class="testMethodStatusPASS">
               <td width="100%" class="firstMethodCell">
                  <a onclick="toggleDetailsVisibility('abc.TestScrollBy_ScrollBy_byClass_PASS2_details')">ScrollBy()</a>
               </td>
               <td nowrap="true">15:02:56</td>
               <td nowrap="true" align="right">22s
                  
               </td>
               <td nowrap="true">
                   
                  
               </td>
            </tr>
            <tr>
               <td colspan="4" class="detailsBox">
                  <div id="abc.TestScrollBy_ScrollBy_byClass_PASS2_details" class="testMethodDetails">
                     <div>
                        <b>Name: </b>ScrollBy
                     </div>
                     <div>
                        <b>Signature: </b>ScrollBy()[pri:0, instance:abc.TestScrollBy@f5c8fb]
                     </div>
                     <div>
                        <b>Start time: </b>15:02:56
                     </div>
                     <div>
                        <b>End time: </b>15:03:18
                     </div>
                     <div>
                        <b>Duration: </b>22s
                        
                     </div>
                  </div>
               </td>
            </tr>
            <tr></tr>
            <tr id="abc.TestScrollBy_afterMethod_byClass_PASS3_row"
                class="testMethodStatusPASS testMethodStatusCONF">
               <td width="100%" class="firstMethodCell">
                  <a onclick="toggleDetailsVisibility('abc.TestScrollBy_afterMethod_byClass_PASS3_details')">afterMethod()</a>
               </td>
               <td nowrap="true">15:03:18</td>
               <td nowrap="true" align="right">13 ms
                  
               </td>
               <td nowrap="true">
                   
                  
               </td>
            </tr>
            <tr>
               <td colspan="4" class="detailsBox">
                  <div id="abc.TestScrollBy_afterMethod_byClass_PASS3_details"
                       class="testMethodDetails">
                     <div>
                        <b>Name: </b>afterMethod
                     </div>
                     <div>
                        <b>Signature: </b>afterMethod()[pri:0, instance:abc.TestScrollBy@f5c8fb]
                     </div>
                     <div>
                        <b>Start time: </b>15:03:18
                     </div>
                     <div>
                        <b>End time: </b>15:03:18
                     </div>
                     <div>
                        <b>Duration: </b>13 ms
                        
                     </div>
                  </div>
               </td>
            </tr>
            <tr></tr>
         </table>
         <br></br>
         <table class="testMethodsTable" cellpadding="0" cellspacing="0">
            <tr>
               <td colspan="4">
                  <h3 style="display: inline;">abc.TestSelect</h3>
               </td>
            </tr>
            <tr class="methodsTableHeader">
               <td width="100%">Name</td>
               <td nowrap="true">Started</td>
               <td nowrap="true">Duration</td>
               <td>Exception</td>
            </tr>
            <tr id="abc.TestSelect_beforeMethod_byClass_PASS1_row"
                class="testMethodStatusPASS testMethodStatusCONF">
               <td width="100%" class="firstMethodCell">
                  <a onclick="toggleDetailsVisibility('abc.TestSelect_beforeMethod_byClass_PASS1_details')">beforeMethod()</a>
               </td>
               <td nowrap="true">15:03:18</td>
               <td nowrap="true" align="right">14s
                  
               </td>
               <td nowrap="true">
                   
                  
               </td>
            </tr>
            <tr>
               <td colspan="4" class="detailsBox">
                  <div id="abc.TestSelect_beforeMethod_byClass_PASS1_details"
                       class="testMethodDetails">
                     <div>
                        <b>Name: </b>beforeMethod
                     </div>
                     <div>
                        <b>Signature: </b>beforeMethod()[pri:0, instance:abc.TestSelect@5dfb22]
                     </div>
                     <div>
                        <b>Start time: </b>15:03:18
                     </div>
                     <div>
                        <b>End time: </b>15:03:33
                     </div>
                     <div>
                        <b>Duration: </b>14s
                        
                     </div>
                  </div>
               </td>
            </tr>
            <tr></tr>
            <tr id="abc.TestSelect_test_byClass_FAIL2_row" class="testMethodStatusFAIL">
               <td width="100%" class="firstMethodCell">
                  <a onclick="toggleDetailsVisibility('abc.TestSelect_test_byClass_FAIL2_details')">test()</a>
               </td>
               <td nowrap="true">15:03:33</td>
               <td nowrap="true" align="right">158 ms
                  
               </td>
               <td nowrap="true">
                  <a onclick="toggleDetailsVisibility('abc.TestSelect_test_byClass_FAIL2_exception')">org.openqa.selenium.NoSuchElementException: 
                     Unable to locate element: {"method":"id","selector":"J_city_switch"}
                     Command duration or timeout: 35 milliseconds
                     For documentation on this error, please visit: http://seleniumhq.org/exceptions/no_such_element.html
                     Build info: version: '2.53.0', revision: '35ae25b', time: '2016-03-15 16:57:40'
                     System info: host: 'Administrator', ip: '192.168.1.110', os.name: 'Windows 7', os.arch: 'x86', os.version: '6.1', java.version:
                     '1.7.0_79'
                     *** Element info: {Using=id, value=J_city_switch}
                     Session ID: 3218c234-2886-43c3-b650-f67377130cd8
                     Driver info: org.openqa.selenium.firefox.FirefoxDriver
                     Capabilities [{platform=WINDOWS, acceptSslCerts=true, javascriptEnabled=true, cssSelectorsEnabled=true, databaseEnabled=true,
                     browserName=firefox, handlesAlerts=true, nativeEvents=false, webStorageEnabled=true, rotatable=false, locationContextEnabled=true,
                     applicationCacheEnabled=true, takesScreenshot=true, version=38.5.2}]
                     
                  </a>
                   
                  
               </td>
            </tr>
            <tr>
               <td colspan="4" class="detailsBox">
                  <div id="abc.TestSelect_test_byClass_FAIL2_details" class="testMethodDetails">
                     <div>
                        <b>Name: </b>test
                     </div>
                     <div>
                        <b>Signature: </b>test()[pri:0, instance:abc.TestSelect@5dfb22]
                     </div>
                     <div>
                        <b>Start time: </b>15:03:33
                     </div>
                     <div>
                        <b>End time: </b>15:03:33
                     </div>
                     <div>
                        <b>Duration: </b>158 ms
                        
                     </div>
                  </div>
               </td>
            </tr>
            <tr>
               <td colspan="4" class="detailsBox">
                  <div id="abc.TestSelect_test_byClass_FAIL2_exception" class="testMethodDetails">
                     <pre style="padding: 5px; margin: 0;">org.openqa.selenium.NoSuchElementException: Unable to locate element: {"method":"id","selector":"J_city_switch"}
                        Command duration or timeout: 35 milliseconds
                        For documentation on this error, please visit: http://seleniumhq.org/exceptions/no_such_element.html
                        Build info: version: '2.53.0', revision: '35ae25b', time: '2016-03-15 16:57:40'
                        System info: host: 'Administrator', ip: '192.168.1.110', os.name: 'Windows 7', os.arch: 'x86', os.version: '6.1', java.version:
                        '1.7.0_79'
                        *** Element info: {Using=id, value=J_city_switch}
                        Session ID: 3218c234-2886-43c3-b650-f67377130cd8
                        Driver info: org.openqa.selenium.firefox.FirefoxDriver
                        Capabilities [{platform=WINDOWS, acceptSslCerts=true, javascriptEnabled=true, cssSelectorsEnabled=true, databaseEnabled=true,
                        browserName=firefox, handlesAlerts=true, nativeEvents=false, webStorageEnabled=true, rotatable=false, locationContextEnabled=true,
                        applicationCacheEnabled=true, takesScreenshot=true, version=38.5.2}]
                        	at sun.reflect.NativeConstructorAccessorImpl.newInstance0(Native Method)
                        	at sun.reflect.NativeConstructorAccessorImpl.newInstance(Unknown Source)
                        	at sun.reflect.DelegatingConstructorAccessorImpl.newInstance(Unknown Source)
                        	at java.lang.reflect.Constructor.newInstance(Unknown Source)
                        	at org.openqa.selenium.remote.ErrorHandler.createThrowable(ErrorHandler.java:206)
                        	at org.openqa.selenium.remote.ErrorHandler.throwIfResponseFailed(ErrorHandler.java:158)
                        	at org.openqa.selenium.remote.RemoteWebDriver.execute(RemoteWebDriver.java:678)
                        	at org.openqa.selenium.remote.RemoteWebDriver.findElement(RemoteWebDriver.java:363)
                        	at org.openqa.selenium.remote.RemoteWebDriver.findElementById(RemoteWebDriver.java:413)
                        	at org.openqa.selenium.By$ById.findElement(By.java:218)
                        	at org.openqa.selenium.remote.RemoteWebDriver.findElement(RemoteWebDriver.java:355)
                        	at abc.TestSelect.test(Unknown Source)
                        	at sun.reflect.NativeMethodAccessorImpl.invoke0(Native Method)
                        	at sun.reflect.NativeMethodAccessorImpl.invoke(Unknown Source)
                        	at sun.reflect.DelegatingMethodAccessorImpl.invoke(Unknown Source)
                        	at java.lang.reflect.Method.invoke(Unknown Source)
                        	at org.testng.internal.MethodInvocationHelper.invokeMethod(MethodInvocationHelper.java:85)
                        	at org.testng.internal.Invoker.invokeMethod(Invoker.java:639)
                        	at org.testng.internal.Invoker.invokeTestMethod(Invoker.java:816)
                        	at org.testng.internal.Invoker.invokeTestMethods(Invoker.java:1124)
                        	at org.testng.internal.TestMethodWorker.invokeTestMethods(TestMethodWorker.java:125)
                        	at org.testng.internal.TestMethodWorker.run(TestMethodWorker.java:108)
                        	at org.testng.TestRunner.privateRun(TestRunner.java:774)
                        	at org.testng.TestRunner.run(TestRunner.java:624)
                        	at org.testng.SuiteRunner.runTest(SuiteRunner.java:359)
                        	at org.testng.SuiteRunner.runSequentially(SuiteRunner.java:354)
                        	at org.testng.SuiteRunner.privateRun(SuiteRunner.java:312)
                        	at org.testng.SuiteRunner.run(SuiteRunner.java:261)
                        	at org.testng.SuiteRunnerWorker.runSuite(SuiteRunnerWorker.java:52)
                        	at org.testng.SuiteRunnerWorker.run(SuiteRunnerWorker.java:86)
                        	at org.testng.TestNG.runSuitesSequentially(TestNG.java:1215)
                        	at org.testng.TestNG.runSuitesLocally(TestNG.java:1140)
                        	at org.testng.TestNG.run(TestNG.java:1048)
                        	at org.testng.TestNG.privateMain(TestNG.java:1355)
                        	at org.testng.TestNG.main(TestNG.java:1324)
                        Caused by: org.openqa.selenium.NoSuchElementException: Unable to locate element: {"method":"id","selector":"J_city_switch"}
                        For documentation on this error, please visit: http://seleniumhq.org/exceptions/no_such_element.html
                        Build info: version: '2.53.0', revision: '35ae25b', time: '2016-03-15 16:57:40'
                        System info: host: 'Administrator', ip: '192.168.1.110', os.name: 'Windows 7', os.arch: 'x86', os.version: '6.1', java.version:
                        '1.7.0_79'
                        Driver info: driver.version: unknown
                        	at &lt;anonymous class&gt;.FirefoxDriver.prototype.findElementInternal_(file:///C:/Users/sunjian/AppData/Local/Temp/anonymous3989103178006502208webdriver-profile/extensions/fxdriver@googlecode.com/components/driver-component.js:10770)
                        	at &lt;anonymous class&gt;.FirefoxDriver.prototype.findElement(file:///C:/Users/sunjian/AppData/Local/Temp/anonymous3989103178006502208webdriver-profile/extensions/fxdriver@googlecode.com/components/driver-component.js:10779)
                        	at &lt;anonymous class&gt;.DelayedCommand.prototype.executeInternal_/h(file:///C:/Users/sunjian/AppData/Local/Temp/anonymous3989103178006502208webdriver-profile/extensions/fxdriver@googlecode.com/components/command-processor.js:12661)
                        	at &lt;anonymous class&gt;.DelayedCommand.prototype.executeInternal_(file:///C:/Users/sunjian/AppData/Local/Temp/anonymous3989103178006502208webdriver-profile/extensions/fxdriver@googlecode.com/components/command-processor.js:12666)
                        	at &lt;anonymous class&gt;.DelayedCommand.prototype.execute/&lt;(file:///C:/Users/sunjian/AppData/Local/Temp/anonymous3989103178006502208webdriver-profile/extensions/fxdriver@googlecode.com/components/command-processor.js:12608)
                     </pre>
                  </div>
               </td>
            </tr>
            <tr id="abc.TestSelect_afterMethod_byClass_PASS3_row"
                class="testMethodStatusPASS testMethodStatusCONF">
               <td width="100%" class="firstMethodCell">
                  <a onclick="toggleDetailsVisibility('abc.TestSelect_afterMethod_byClass_PASS3_details')">afterMethod()</a>
               </td>
               <td nowrap="true">15:03:33</td>
               <td nowrap="true" align="right">2s
                  
               </td>
               <td nowrap="true">
                   
                  
               </td>
            </tr>
            <tr>
               <td colspan="4" class="detailsBox">
                  <div id="abc.TestSelect_afterMethod_byClass_PASS3_details" class="testMethodDetails">
                     <div>
                        <b>Name: </b>afterMethod
                     </div>
                     <div>
                        <b>Signature: </b>afterMethod()[pri:0, instance:abc.TestSelect@5dfb22]
                     </div>
                     <div>
                        <b>Start time: </b>15:03:33
                     </div>
                     <div>
                        <b>End time: </b>15:03:35
                     </div>
                     <div>
                        <b>Duration: </b>2s
                        
                     </div>
                  </div>
               </td>
            </tr>
            <tr></tr>
         </table>
         <br></br>
         <table class="testMethodsTable" cellpadding="0" cellspacing="0">
            <tr>
               <td colspan="4">
                  <h3 style="display: inline;">abc.TestStringformat</h3>
               </td>
            </tr>
            <tr class="methodsTableHeader">
               <td width="100%">Name</td>
               <td nowrap="true">Started</td>
               <td nowrap="true">Duration</td>
               <td>Exception</td>
            </tr>
            <tr id="abc.TestStringformat_beforeMethod_byClass_PASS1_row"
                class="testMethodStatusPASS testMethodStatusCONF">
               <td width="100%" class="firstMethodCell">
                  <a onclick="toggleDetailsVisibility('abc.TestStringformat_beforeMethod_byClass_PASS1_details')">beforeMethod()</a>
               </td>
               <td nowrap="true">15:03:35</td>
               <td nowrap="true" align="right">6s
                  
               </td>
               <td nowrap="true">
                   
                  
               </td>
            </tr>
            <tr>
               <td colspan="4" class="detailsBox">
                  <div id="abc.TestStringformat_beforeMethod_byClass_PASS1_details"
                       class="testMethodDetails">
                     <div>
                        <b>Name: </b>beforeMethod
                     </div>
                     <div>
                        <b>Signature: </b>beforeMethod()[pri:0, instance:abc.TestStringformat@128f03]
                     </div>
                     <div>
                        <b>Start time: </b>15:03:35
                     </div>
                     <div>
                        <b>End time: </b>15:03:42
                     </div>
                     <div>
                        <b>Duration: </b>6s
                        
                     </div>
                  </div>
               </td>
            </tr>
            <tr></tr>
            <tr id="abc.TestStringformat_Stringformat_byClass_PASS2_row"
                class="testMethodStatusPASS">
               <td width="100%" class="firstMethodCell">
                  <a onclick="toggleDetailsVisibility('abc.TestStringformat_Stringformat_byClass_PASS2_details')">Stringformat()</a>
               </td>
               <td nowrap="true">15:03:42</td>
               <td nowrap="true" align="right">13s
                  
               </td>
               <td nowrap="true">
                   
                  
               </td>
            </tr>
            <tr>
               <td colspan="4" class="detailsBox">
                  <div id="abc.TestStringformat_Stringformat_byClass_PASS2_details"
                       class="testMethodDetails">
                     <div>
                        <b>Name: </b>Stringformat
                     </div>
                     <div>
                        <b>Signature: </b>Stringformat()[pri:0, instance:abc.TestStringformat@128f03]
                     </div>
                     <div>
                        <b>Start time: </b>15:03:42
                     </div>
                     <div>
                        <b>End time: </b>15:03:55
                     </div>
                     <div>
                        <b>Duration: </b>13s
                        
                     </div>
                  </div>
               </td>
            </tr>
            <tr></tr>
            <tr id="abc.TestStringformat_afterMethod_byClass_PASS3_row"
                class="testMethodStatusPASS testMethodStatusCONF">
               <td width="100%" class="firstMethodCell">
                  <a onclick="toggleDetailsVisibility('abc.TestStringformat_afterMethod_byClass_PASS3_details')">afterMethod()</a>
               </td>
               <td nowrap="true">15:03:55</td>
               <td nowrap="true" align="right">2s
                  
               </td>
               <td nowrap="true">
                   
                  
               </td>
            </tr>
            <tr>
               <td colspan="4" class="detailsBox">
                  <div id="abc.TestStringformat_afterMethod_byClass_PASS3_details"
                       class="testMethodDetails">
                     <div>
                        <b>Name: </b>afterMethod
                     </div>
                     <div>
                        <b>Signature: </b>afterMethod()[pri:0, instance:abc.TestStringformat@128f03]
                     </div>
                     <div>
                        <b>Start time: </b>15:03:55
                     </div>
                     <div>
                        <b>End time: </b>15:03:57
                     </div>
                     <div>
                        <b>Duration: </b>2s
                        
                     </div>
                  </div>
               </td>
            </tr>
            <tr></tr>
         </table>
         <br></br>
         <table class="testMethodsTable" cellpadding="0" cellspacing="0">
            <tr>
               <td colspan="4">
                  <h3 style="display: inline;">abc.TestWindows</h3>
               </td>
            </tr>
            <tr class="methodsTableHeader">
               <td width="100%">Name</td>
               <td nowrap="true">Started</td>
               <td nowrap="true">Duration</td>
               <td>Exception</td>
            </tr>
            <tr id="abc.TestWindows_beforeMethod_byClass_PASS1_row"
                class="testMethodStatusPASS testMethodStatusCONF">
               <td width="100%" class="firstMethodCell">
                  <a onclick="toggleDetailsVisibility('abc.TestWindows_beforeMethod_byClass_PASS1_details')">beforeMethod()</a>
               </td>
               <td nowrap="true">15:03:57</td>
               <td nowrap="true" align="right">12s
                  
               </td>
               <td nowrap="true">
                   
                  
               </td>
            </tr>
            <tr>
               <td colspan="4" class="detailsBox">
                  <div id="abc.TestWindows_beforeMethod_byClass_PASS1_details"
                       class="testMethodDetails">
                     <div>
                        <b>Name: </b>beforeMethod
                     </div>
                     <div>
                        <b>Signature: </b>beforeMethod()[pri:0, instance:abc.TestWindows@6b2ab7]
                     </div>
                     <div>
                        <b>Start time: </b>15:03:57
                     </div>
                     <div>
                        <b>End time: </b>15:04:10
                     </div>
                     <div>
                        <b>Duration: </b>12s
                        
                     </div>
                  </div>
               </td>
            </tr>
            <tr></tr>
            <tr id="abc.TestWindows_windows_byClass_PASS2_row" class="testMethodStatusPASS">
               <td width="100%" class="firstMethodCell">
                  <a onclick="toggleDetailsVisibility('abc.TestWindows_windows_byClass_PASS2_details')">windows()</a>
               </td>
               <td nowrap="true">15:04:10</td>
               <td nowrap="true" align="right">9s
                  
               </td>
               <td nowrap="true">
                   
                  
               </td>
            </tr>
            <tr>
               <td colspan="4" class="detailsBox">
                  <div id="abc.TestWindows_windows_byClass_PASS2_details" class="testMethodDetails">
                     <div>
                        <b>Name: </b>windows
                     </div>
                     <div>
                        <b>Signature: </b>windows()[pri:0, instance:abc.TestWindows@6b2ab7]
                     </div>
                     <div>
                        <b>Start time: </b>15:04:10
                     </div>
                     <div>
                        <b>End time: </b>15:04:19
                     </div>
                     <div>
                        <b>Duration: </b>9s
                        
                     </div>
                  </div>
               </td>
            </tr>
            <tr></tr>
            <tr id="abc.TestWindows_afterMethod_byClass_PASS3_row"
                class="testMethodStatusPASS testMethodStatusCONF">
               <td width="100%" class="firstMethodCell">
                  <a onclick="toggleDetailsVisibility('abc.TestWindows_afterMethod_byClass_PASS3_details')">afterMethod()</a>
               </td>
               <td nowrap="true">15:04:19</td>
               <td nowrap="true" align="right">2s
                  
               </td>
               <td nowrap="true">
                   
                  
               </td>
            </tr>
            <tr>
               <td colspan="4" class="detailsBox">
                  <div id="abc.TestWindows_afterMethod_byClass_PASS3_details"
                       class="testMethodDetails">
                     <div>
                        <b>Name: </b>afterMethod
                     </div>
                     <div>
                        <b>Signature: </b>afterMethod()[pri:0, instance:abc.TestWindows@6b2ab7]
                     </div>
                     <div>
                        <b>Start time: </b>15:04:19
                     </div>
                     <div>
                        <b>End time: </b>15:04:21
                     </div>
                     <div>
                        <b>Duration: </b>2s
                        
                     </div>
                  </div>
               </td>
            </tr>
            <tr></tr>
         </table>
         <br></br>
      </div>
      <div style="margin-top: 15px; color: gray; text-align: center; font-size: 9px;">
         Generated with
         
         <a href="http://code.google.com/p/testng-xslt/" style="color: #8888aa;"
            target="_blank">
            TestNG XSLT
            
         </a>
      </div>
   </body>
</html>