<?xml version="1.0" encoding="UTF-8"?>
<!-- Generated by org.testng.reporters.JUnitXMLReporter -->
<testsuite hostname="Administrator" name="run" tests="11" failures="0" timestamp="21 May 2017 03:22:09 GMT" time="312.787" errors="0">
  <testcase name="testActions" time="21.833" classname="abc.TestActions"/>
  <testcase name="testAlert" time="3.788" classname="abc.TestAlert"/>
  <testcase name="canvas" time="11.573" classname="abc.TestCanvas"/>
  <testcase name="login" time="15.613" classname="abc.TestInterFace"/>
  <testcase name="jscript" time="16.203" classname="abc.TestJScript"/>
  <testcase name="keyBoard" time="12.889" classname="abc.TestKeyBoard"/>
  <testcase name="Pagefactory" time="29.023" classname="abc.TestPageFactory"/>
  <testcase name="ScrollBy" time="21.642" classname="abc.TestScrollBy"/>
  <testcase name="test" time="5.333" classname="abc.TestSelect"/>
  <testcase name="Stringformat" time="14.804" classname="abc.TestStringformat"/>
  <testcase name="windows" time="16.195" classname="abc.TestWindows"/>
</testsuite> <!-- run -->
