<?xml version="1.0" encoding="UTF-8"?>
<testng-results skipped="0" failed="0" total="1" passed="1">
  <reporter-output>
  </reporter-output>
  <suite name="Default suite" duration-ms="58676" started-at="2017-08-31T04:53:31Z" finished-at="2017-08-31T04:54:30Z">
    <groups>
    </groups>
    <test name="Default test" duration-ms="58676" started-at="2017-08-31T04:53:31Z" finished-at="2017-08-31T04:54:30Z">
      <class name="abc.TestSelect">
        <test-method status="PASS" signature="beforeMethod()[pri:0, instance:abc.TestSelect@1134affc]" name="beforeMethod" is-config="true" duration-ms="16744" started-at="2017-08-31T12:53:31Z" finished-at="2017-08-31T12:53:48Z">
          <reporter-output>
          </reporter-output>
        </test-method> <!-- beforeMethod -->
        <test-method status="PASS" signature="test()[pri:0, instance:abc.TestSelect@1134affc]" name="test" duration-ms="36316" started-at="2017-08-31T12:53:48Z" finished-at="2017-08-31T12:54:24Z">
          <reporter-output>
          </reporter-output>
        </test-method> <!-- test -->
        <test-method status="PASS" signature="afterMethod()[pri:0, instance:abc.TestSelect@1134affc]" name="afterMethod" is-config="true" duration-ms="5604" started-at="2017-08-31T12:54:24Z" finished-at="2017-08-31T12:54:30Z">
          <reporter-output>
          </reporter-output>
        </test-method> <!-- afterMethod -->
      </class> <!-- abc.TestSelect -->
    </test> <!-- Default test -->
  </suite> <!-- Default suite -->
</testng-results>
